{"/Volumes/strage/opus_localdev/opus_comp/src/app/actions/invoice.ts":{"path":"/Volumes/strage/opus_localdev/opus_comp/src/app/actions/invoice.ts","statementMap":{"0":{"start":{"line":11,"column":2},"end":{"line":56,"column":3}},"1":{"start":{"line":12,"column":20},"end":{"line":15,"column":6}},"2":{"start":{"line":17,"column":4},"end":{"line":23,"column":5}},"3":{"start":{"line":18,"column":6},"end":{"line":22,"column":8}},"4":{"start":{"line":25,"column":27},"end":{"line":25,"column":41}},"5":{"start":{"line":27,"column":4},"end":{"line":30,"column":7}},"6":{"start":{"line":33,"column":4},"end":{"line":41,"column":7}},"7":{"start":{"line":43,"column":4},"end":{"line":43,"column":32}},"8":{"start":{"line":45,"column":4},"end":{"line":48,"column":6}},"9":{"start":{"line":50,"column":4},"end":{"line":50,"column":59}},"10":{"start":{"line":51,"column":4},"end":{"line":55,"column":6}}},"fnMap":{"0":{"name":"updateInvoiceStatus","decl":{"start":{"line":7,"column":22},"end":{"line":7,"column":41}},"loc":{"start":{"line":10,"column":2},"end":{"line":57,"column":1}},"line":10}},"branchMap":{"0":{"loc":{"start":{"line":17,"column":4},"end":{"line":23,"column":5}},"type":"if","locations":[{"start":{"line":17,"column":4},"end":{"line":23,"column":5}},{"start":{},"end":{}}],"line":17}},"s":{"0":0,"1":0,"2":0,"3":0,"4":0,"5":0,"6":0,"7":0,"8":0,"9":0,"10":0},"f":{"0":0},"b":{"0":[0,0]},"all":true},"/Volumes/strage/opus_localdev/opus_comp/src/app/api/auth/[...nextauth]/auth-options.ts":{"path":"/Volumes/strage/opus_localdev/opus_comp/src/app/api/auth/[...nextauth]/auth-options.ts","statementMap":{"0":{"start":{"line":9,"column":34},"end":{"line":19,"column":1}},"1":{"start":{"line":10,"column":15},"end":{"line":16,"column":3}},"2":{"start":{"line":17,"column":2},"end":{"line":17,"column":33}},"3":{"start":{"line":18,"column":2},"end":{"line":18,"column":14}},"4":{"start":{"line":32,"column":40},"end":{"line":211,"column":1}},"5":{"start":{"line":68,"column":8},"end":{"line":133,"column":9}},"6":{"start":{"line":69,"column":10},"end":{"line":69,"column":38}},"7":{"start":{"line":71,"column":10},"end":{"line":76,"column":13}},"8":{"start":{"line":78,"column":23},"end":{"line":80,"column":12}},"9":{"start":{"line":82,"column":10},"end":{"line":87,"column":13}},"10":{"start":{"line":89,"column":10},"end":{"line":92,"column":11}},"11":{"start":{"line":90,"column":12},"end":{"line":90,"column":80}},"12":{"start":{"line":91,"column":12},"end":{"line":91,"column":24}},"13":{"start":{"line":95,"column":10},"end":{"line":107,"column":11}},"14":{"start":{"line":96,"column":31},"end":{"line":97,"column":68}},"15":{"start":{"line":98,"column":12},"end":{"line":106,"column":13}},"16":{"start":{"line":99,"column":14},"end":{"line":99,"column":64}},"17":{"start":{"line":100,"column":14},"end":{"line":105,"column":16}},"18":{"start":{"line":109,"column":34},"end":{"line":112,"column":11}},"19":{"start":{"line":114,"column":10},"end":{"line":117,"column":11}},"20":{"start":{"line":115,"column":12},"end":{"line":115,"column":78}},"21":{"start":{"line":116,"column":12},"end":{"line":116,"column":24}},"22":{"start":{"line":119,"column":10},"end":{"line":124,"column":12}},"23":{"start":{"line":126,"column":10},"end":{"line":131,"column":13}},"24":{"start":{"line":132,"column":10},"end":{"line":132,"column":22}},"25":{"start":{"line":139,"column":6},"end":{"line":157,"column":7}},"26":{"start":{"line":141,"column":23},"end":{"line":143,"column":10}},"27":{"start":{"line":145,"column":8},"end":{"line":151,"column":11}},"28":{"start":{"line":153,"column":8},"end":{"line":153,"column":27}},"29":{"start":{"line":154,"column":8},"end":{"line":154,"column":33}},"30":{"start":{"line":155,"column":8},"end":{"line":155,"column":31}},"31":{"start":{"line":156,"column":8},"end":{"line":156,"column":34}},"32":{"start":{"line":158,"column":6},"end":{"line":158,"column":19}},"33":{"start":{"line":161,"column":6},"end":{"line":172,"column":7}},"34":{"start":{"line":162,"column":8},"end":{"line":167,"column":11}},"35":{"start":{"line":168,"column":8},"end":{"line":168,"column":45}},"36":{"start":{"line":169,"column":8},"end":{"line":169,"column":51}},"37":{"start":{"line":170,"column":8},"end":{"line":170,"column":49}},"38":{"start":{"line":171,"column":8},"end":{"line":171,"column":49}},"39":{"start":{"line":173,"column":6},"end":{"line":173,"column":21}},"40":{"start":{"line":176,"column":6},"end":{"line":183,"column":7}},"41":{"start":{"line":177,"column":8},"end":{"line":182,"column":11}},"42":{"start":{"line":184,"column":6},"end":{"line":184,"column":18}},"43":{"start":{"line":187,"column":6},"end":{"line":191,"column":9}},"44":{"start":{"line":194,"column":6},"end":{"line":196,"column":7}},"45":{"start":{"line":195,"column":8},"end":{"line":195,"column":38}},"46":{"start":{"line":199,"column":6},"end":{"line":201,"column":7}},"47":{"start":{"line":200,"column":8},"end":{"line":200,"column":38}},"48":{"start":{"line":204,"column":6},"end":{"line":204,"column":53}}},"fnMap":{"0":{"name":"(anonymous_0)","decl":{"start":{"line":9,"column":34},"end":{"line":9,"column":35}},"loc":{"start":{"line":9,"column":40},"end":{"line":19,"column":1}},"line":9},"1":{"name":"(anonymous_1)","decl":{"start":{"line":67,"column":6},"end":{"line":67,"column":7}},"loc":{"start":{"line":67,"column":35},"end":{"line":134,"column":7}},"line":67},"2":{"name":"(anonymous_2)","decl":{"start":{"line":138,"column":4},"end":{"line":138,"column":5}},"loc":{"start":{"line":138,"column":40},"end":{"line":159,"column":5}},"line":138},"3":{"name":"(anonymous_3)","decl":{"start":{"line":160,"column":4},"end":{"line":160,"column":5}},"loc":{"start":{"line":160,"column":38},"end":{"line":174,"column":5}},"line":160},"4":{"name":"(anonymous_4)","decl":{"start":{"line":175,"column":4},"end":{"line":175,"column":5}},"loc":{"start":{"line":175,"column":36},"end":{"line":185,"column":5}},"line":175},"5":{"name":"(anonymous_5)","decl":{"start":{"line":186,"column":4},"end":{"line":186,"column":5}},"loc":{"start":{"line":186,"column":37},"end":{"line":205,"column":5}},"line":186}},"branchMap":{"0":{"loc":{"start":{"line":12,"column":21},"end":{"line":12,"column":65}},"type":"cond-expr","locations":[{"start":{"line":12,"column":51},"end":{"line":12,"column":57}},{"start":{"line":12,"column":60},"end":{"line":12,"column":65}}],"line":12},"1":{"loc":{"start":{"line":53,"column":16},"end":{"line":53,"column":50}},"type":"binary-expr","locations":[{"start":{"line":53,"column":16},"end":{"line":53,"column":44}},{"start":{"line":53,"column":48},"end":{"line":53,"column":50}}],"line":53},"2":{"loc":{"start":{"line":54,"column":20},"end":{"line":54,"column":58}},"type":"binary-expr","locations":[{"start":{"line":54,"column":20},"end":{"line":54,"column":52}},{"start":{"line":54,"column":56},"end":{"line":54,"column":58}}],"line":54},"3":{"loc":{"start":{"line":89,"column":10},"end":{"line":92,"column":11}},"type":"if","locations":[{"start":{"line":89,"column":10},"end":{"line":92,"column":11}},{"start":{},"end":{}}],"line":89},"4":{"loc":{"start":{"line":95,"column":10},"end":{"line":107,"column":11}},"type":"if","locations":[{"start":{"line":95,"column":10},"end":{"line":107,"column":11}},{"start":{},"end":{}}],"line":95},"5":{"loc":{"start":{"line":95,"column":14},"end":{"line":95,"column":87}},"type":"binary-expr","locations":[{"start":{"line":95,"column":14},"end":{"line":95,"column":45}},{"start":{"line":95,"column":49},"end":{"line":95,"column":87}}],"line":95},"6":{"loc":{"start":{"line":96,"column":31},"end":{"line":97,"column":68}},"type":"binary-expr","locations":[{"start":{"line":96,"column":31},"end":{"line":96,"column":72}},{"start":{"line":97,"column":29},"end":{"line":97,"column":68}}],"line":96},"7":{"loc":{"start":{"line":98,"column":12},"end":{"line":106,"column":13}},"type":"if","locations":[{"start":{"line":98,"column":12},"end":{"line":106,"column":13}},{"start":{},"end":{}}],"line":98},"8":{"loc":{"start":{"line":110,"column":12},"end":{"line":110,"column":39}},"type":"binary-expr","locations":[{"start":{"line":110,"column":12},"end":{"line":110,"column":33}},{"start":{"line":110,"column":37},"end":{"line":110,"column":39}}],"line":110},"9":{"loc":{"start":{"line":114,"column":10},"end":{"line":117,"column":11}},"type":"if","locations":[{"start":{"line":114,"column":10},"end":{"line":117,"column":11}},{"start":{},"end":{}}],"line":114},"10":{"loc":{"start":{"line":128,"column":19},"end":{"line":128,"column":75}},"type":"cond-expr","locations":[{"start":{"line":128,"column":44},"end":{"line":128,"column":57}},{"start":{"line":128,"column":60},"end":{"line":128,"column":75}}],"line":128},"11":{"loc":{"start":{"line":129,"column":19},"end":{"line":129,"column":67}},"type":"cond-expr","locations":[{"start":{"line":129,"column":44},"end":{"line":129,"column":55}},{"start":{"line":129,"column":58},"end":{"line":129,"column":67}}],"line":129},"12":{"loc":{"start":{"line":139,"column":6},"end":{"line":157,"column":7}},"type":"if","locations":[{"start":{"line":139,"column":6},"end":{"line":157,"column":7}},{"start":{},"end":{}}],"line":139},"13":{"loc":{"start":{"line":161,"column":6},"end":{"line":172,"column":7}},"type":"if","locations":[{"start":{"line":161,"column":6},"end":{"line":172,"column":7}},{"start":{},"end":{}}],"line":161},"14":{"loc":{"start":{"line":161,"column":10},"end":{"line":161,"column":31}},"type":"binary-expr","locations":[{"start":{"line":161,"column":10},"end":{"line":161,"column":15}},{"start":{"line":161,"column":19},"end":{"line":161,"column":31}}],"line":161},"15":{"loc":{"start":{"line":176,"column":6},"end":{"line":183,"column":7}},"type":"if","locations":[{"start":{"line":176,"column":6},"end":{"line":183,"column":7}},{"start":{},"end":{}}],"line":176},"16":{"loc":{"start":{"line":194,"column":6},"end":{"line":196,"column":7}},"type":"if","locations":[{"start":{"line":194,"column":6},"end":{"line":196,"column":7}},{"start":{},"end":{}}],"line":194},"17":{"loc":{"start":{"line":199,"column":6},"end":{"line":201,"column":7}},"type":"if","locations":[{"start":{"line":199,"column":6},"end":{"line":201,"column":7}},{"start":{},"end":{}}],"line":199},"18":{"loc":{"start":{"line":204,"column":13},"end":{"line":204,"column":52}},"type":"cond-expr","locations":[{"start":{"line":204,"column":39},"end":{"line":204,"column":42}},{"start":{"line":204,"column":45},"end":{"line":204,"column":52}}],"line":204}},"s":{"0":0,"1":0,"2":0,"3":0,"4":0,"5":0,"6":0,"7":0,"8":0,"9":0,"10":0,"11":0,"12":0,"13":0,"14":0,"15":0,"16":0,"17":0,"18":0,"19":0,"20":0,"21":0,"22":0,"23":0,"24":0,"25":0,"26":0,"27":0,"28":0,"29":0,"30":0,"31":0,"32":0,"33":0,"34":0,"35":0,"36":0,"37":0,"38":0,"39":0,"40":0,"41":0,"42":0,"43":0,"44":0,"45":0,"46":0,"47":0,"48":0},"f":{"0":0,"1":0,"2":0,"3":0,"4":0,"5":0},"b":{"0":[0,0],"1":[0,0],"2":[0,0],"3":[0,0],"4":[0,0],"5":[0,0],"6":[0,0],"7":[0,0],"8":[0,0],"9":[0,0],"10":[0,0],"11":[0,0],"12":[0,0],"13":[0,0],"14":[0,0],"15":[0,0],"16":[0,0],"17":[0,0],"18":[0,0]},"all":true},"/Volumes/strage/opus_localdev/opus_comp/src/app/api/auth/[...nextauth]/route.ts":{"path":"/Volumes/strage/opus_localdev/opus_comp/src/app/api/auth/[...nextauth]/route.ts","statementMap":{"0":{"start":{"line":5,"column":16},"end":{"line":5,"column":37}}},"fnMap":{},"branchMap":{},"s":{"0":0},"f":{},"b":{},"all":true},"/Volumes/strage/opus_localdev/opus_comp/src/app/api/auth/register.ts":{"path":"/Volumes/strage/opus_localdev/opus_comp/src/app/api/auth/register.ts","statementMap":{"0":{"start":{"line":8,"column":15},"end":{"line":8,"column":33}},"1":{"start":{"line":24,"column":2},"end":{"line":110,"column":3}},"2":{"start":{"line":26,"column":4},"end":{"line":28,"column":5}},"3":{"start":{"line":27,"column":6},"end":{"line":27,"column":69}},"4":{"start":{"line":30,"column":38},"end":{"line":30,"column":69}},"5":{"start":{"line":33,"column":4},"end":{"line":33,"column":39}},"6":{"start":{"line":36,"column":4},"end":{"line":38,"column":5}},"7":{"start":{"line":37,"column":6},"end":{"line":37,"column":65}},"8":{"start":{"line":41,"column":23},"end":{"line":41,"column":51}},"9":{"start":{"line":42,"column":4},"end":{"line":44,"column":5}},"10":{"start":{"line":43,"column":6},"end":{"line":43,"column":70}},"11":{"start":{"line":47,"column":4},"end":{"line":49,"column":5}},"12":{"start":{"line":48,"column":6},"end":{"line":48,"column":72}},"13":{"start":{"line":52,"column":25},"end":{"line":54,"column":6}},"14":{"start":{"line":56,"column":4},"end":{"line":58,"column":5}},"15":{"start":{"line":57,"column":6},"end":{"line":57,"column":71}},"16":{"start":{"line":61,"column":27},"end":{"line":61,"column":51}},"17":{"start":{"line":64,"column":20},"end":{"line":71,"column":6}},"18":{"start":{"line":74,"column":4},"end":{"line":74,"column":36}},"19":{"start":{"line":77,"column":22},"end":{"line":77,"column":44}},"20":{"start":{"line":80,"column":4},"end":{"line":80,"column":44}},"21":{"start":{"line":82,"column":4},"end":{"line":84,"column":5}},"22":{"start":{"line":83,"column":6},"end":{"line":83,"column":51}},"23":{"start":{"line":87,"column":20},"end":{"line":90,"column":5}},"24":{"start":{"line":92,"column":4},"end":{"line":92,"column":35}},"25":{"start":{"line":94,"column":18},"end":{"line":94,"column":67}},"26":{"start":{"line":97,"column":4},"end":{"line":97,"column":43}},"27":{"start":{"line":100,"column":4},"end":{"line":100,"column":56}},"28":{"start":{"line":101,"column":4},"end":{"line":101,"column":35}},"29":{"start":{"line":103,"column":4},"end":{"line":109,"column":5}},"30":{"start":{"line":104,"column":6},"end":{"line":104,"column":50}},"31":{"start":{"line":105,"column":6},"end":{"line":105,"column":67}},"32":{"start":{"line":107,"column":6},"end":{"line":107,"column":38}},"33":{"start":{"line":108,"column":6},"end":{"line":108,"column":65}}},"fnMap":{"0":{"name":"handler","decl":{"start":{"line":20,"column":30},"end":{"line":20,"column":37}},"loc":{"start":{"line":23,"column":2},"end":{"line":111,"column":1}},"line":23}},"branchMap":{"0":{"loc":{"start":{"line":26,"column":4},"end":{"line":28,"column":5}},"type":"if","locations":[{"start":{"line":26,"column":4},"end":{"line":28,"column":5}},{"start":{},"end":{}}],"line":26},"1":{"loc":{"start":{"line":36,"column":4},"end":{"line":38,"column":5}},"type":"if","locations":[{"start":{"line":36,"column":4},"end":{"line":38,"column":5}},{"start":{},"end":{}}],"line":36},"2":{"loc":{"start":{"line":36,"column":8},"end":{"line":36,"column":27}},"type":"binary-expr","locations":[{"start":{"line":36,"column":8},"end":{"line":36,"column":14}},{"start":{"line":36,"column":18},"end":{"line":36,"column":27}}],"line":36},"3":{"loc":{"start":{"line":42,"column":4},"end":{"line":44,"column":5}},"type":"if","locations":[{"start":{"line":42,"column":4},"end":{"line":44,"column":5}},{"start":{},"end":{}}],"line":42},"4":{"loc":{"start":{"line":47,"column":4},"end":{"line":49,"column":5}},"type":"if","locations":[{"start":{"line":47,"column":4},"end":{"line":49,"column":5}},{"start":{},"end":{}}],"line":47},"5":{"loc":{"start":{"line":56,"column":4},"end":{"line":58,"column":5}},"type":"if","locations":[{"start":{"line":56,"column":4},"end":{"line":58,"column":5}},{"start":{},"end":{}}],"line":56},"6":{"loc":{"start":{"line":66,"column":14},"end":{"line":66,"column":49}},"type":"binary-expr","locations":[{"start":{"line":66,"column":14},"end":{"line":66,"column":26}},{"start":{"line":66,"column":30},"end":{"line":66,"column":49}}],"line":66},"7":{"loc":{"start":{"line":82,"column":4},"end":{"line":84,"column":5}},"type":"if","locations":[{"start":{"line":82,"column":4},"end":{"line":84,"column":5}},{"start":{},"end":{}}],"line":82},"8":{"loc":{"start":{"line":103,"column":4},"end":{"line":109,"column":5}},"type":"if","locations":[{"start":{"line":103,"column":4},"end":{"line":109,"column":5}},{"start":{"line":106,"column":11},"end":{"line":109,"column":5}}],"line":103}},"s":{"0":0,"1":0,"2":0,"3":0,"4":0,"5":0,"6":0,"7":0,"8":0,"9":0,"10":0,"11":0,"12":0,"13":0,"14":0,"15":0,"16":0,"17":0,"18":0,"19":0,"20":0,"21":0,"22":0,"23":0,"24":0,"25":0,"26":0,"27":0,"28":0,"29":0,"30":0,"31":0,"32":0,"33":0},"f":{"0":0},"b":{"0":[0,0],"1":[0,0],"2":[0,0],"3":[0,0],"4":[0,0],"5":[0,0],"6":[0,0],"7":[0,0],"8":[0,0]},"all":true},"/Volumes/strage/opus_localdev/opus_comp/src/app/api/auth/route.ts":{"path":"/Volumes/strage/opus_localdev/opus_comp/src/app/api/auth/route.ts","statementMap":{"0":{"start":{"line":7,"column":2},"end":{"line":7,"column":49}},"1":{"start":{"line":11,"column":2},"end":{"line":66,"column":3}},"2":{"start":{"line":12,"column":32},"end":{"line":12,"column":52}},"3":{"start":{"line":15,"column":17},"end":{"line":17,"column":6}},"4":{"start":{"line":19,"column":4},"end":{"line":27,"column":5}},"5":{"start":{"line":20,"column":6},"end":{"line":26,"column":7}},"6":{"start":{"line":30,"column":28},"end":{"line":30,"column":86}},"7":{"start":{"line":31,"column":4},"end":{"line":39,"column":5}},"8":{"start":{"line":32,"column":6},"end":{"line":38,"column":7}},"9":{"start":{"line":42,"column":23},"end":{"line":45,"column":6}},"10":{"start":{"line":47,"column":4},"end":{"line":56,"column":6}},"11":{"start":{"line":58,"column":4},"end":{"line":58,"column":34}},"12":{"start":{"line":59,"column":4},"end":{"line":65,"column":5}},"13":{"start":{"line":70,"column":2},"end":{"line":97,"column":3}},"14":{"start":{"line":71,"column":22},"end":{"line":71,"column":57}},"15":{"start":{"line":72,"column":4},"end":{"line":80,"column":5}},"16":{"start":{"line":73,"column":6},"end":{"line":79,"column":7}},"17":{"start":{"line":82,"column":4},"end":{"line":82,"column":36}},"18":{"start":{"line":84,"column":4},"end":{"line":87,"column":6}},"19":{"start":{"line":89,"column":4},"end":{"line":89,"column":37}},"20":{"start":{"line":90,"column":4},"end":{"line":96,"column":5}},"21":{"start":{"line":101,"column":2},"end":{"line":157,"column":3}},"22":{"start":{"line":102,"column":22},"end":{"line":102,"column":57}},"23":{"start":{"line":103,"column":4},"end":{"line":111,"column":5}},"24":{"start":{"line":104,"column":6},"end":{"line":110,"column":7}},"25":{"start":{"line":113,"column":27},"end":{"line":113,"column":55}},"26":{"start":{"line":114,"column":4},"end":{"line":122,"column":5}},"27":{"start":{"line":115,"column":6},"end":{"line":121,"column":7}},"28":{"start":{"line":124,"column":17},"end":{"line":132,"column":6}},"29":{"start":{"line":134,"column":4},"end":{"line":142,"column":5}},"30":{"start":{"line":135,"column":6},"end":{"line":141,"column":7}},"31":{"start":{"line":144,"column":4},"end":{"line":147,"column":6}},"32":{"start":{"line":149,"column":4},"end":{"line":149,"column":39}},"33":{"start":{"line":150,"column":4},"end":{"line":156,"column":5}}},"fnMap":{"0":{"name":"comparePassword","decl":{"start":{"line":6,"column":15},"end":{"line":6,"column":30}},"loc":{"start":{"line":6,"column":91},"end":{"line":8,"column":1}},"line":6},"1":{"name":"POST","decl":{"start":{"line":10,"column":22},"end":{"line":10,"column":26}},"loc":{"start":{"line":10,"column":49},"end":{"line":67,"column":1}},"line":10},"2":{"name":"DELETE","decl":{"start":{"line":69,"column":22},"end":{"line":69,"column":28}},"loc":{"start":{"line":69,"column":51},"end":{"line":98,"column":1}},"line":69},"3":{"name":"GET","decl":{"start":{"line":100,"column":22},"end":{"line":100,"column":25}},"loc":{"start":{"line":100,"column":48},"end":{"line":158,"column":1}},"line":100}},"branchMap":{"0":{"loc":{"start":{"line":19,"column":4},"end":{"line":27,"column":5}},"type":"if","locations":[{"start":{"line":19,"column":4},"end":{"line":27,"column":5}},{"start":{},"end":{}}],"line":19},"1":{"loc":{"start":{"line":30,"column":60},"end":{"line":30,"column":85}},"type":"binary-expr","locations":[{"start":{"line":30,"column":60},"end":{"line":30,"column":79}},{"start":{"line":30,"column":83},"end":{"line":30,"column":85}}],"line":30},"2":{"loc":{"start":{"line":31,"column":4},"end":{"line":39,"column":5}},"type":"if","locations":[{"start":{"line":31,"column":4},"end":{"line":39,"column":5}},{"start":{},"end":{}}],"line":31},"3":{"loc":{"start":{"line":72,"column":4},"end":{"line":80,"column":5}},"type":"if","locations":[{"start":{"line":72,"column":4},"end":{"line":80,"column":5}},{"start":{},"end":{}}],"line":72},"4":{"loc":{"start":{"line":103,"column":4},"end":{"line":111,"column":5}},"type":"if","locations":[{"start":{"line":103,"column":4},"end":{"line":111,"column":5}},{"start":{},"end":{}}],"line":103},"5":{"loc":{"start":{"line":114,"column":4},"end":{"line":122,"column":5}},"type":"if","locations":[{"start":{"line":114,"column":4},"end":{"line":122,"column":5}},{"start":{},"end":{}}],"line":114},"6":{"loc":{"start":{"line":134,"column":4},"end":{"line":142,"column":5}},"type":"if","locations":[{"start":{"line":134,"column":4},"end":{"line":142,"column":5}},{"start":{},"end":{}}],"line":134}},"s":{"0":0,"1":0,"2":0,"3":0,"4":0,"5":0,"6":0,"7":0,"8":0,"9":0,"10":0,"11":0,"12":0,"13":0,"14":0,"15":0,"16":0,"17":0,"18":0,"19":0,"20":0,"21":0,"22":0,"23":0,"24":0,"25":0,"26":0,"27":0,"28":0,"29":0,"30":0,"31":0,"32":0,"33":0},"f":{"0":0,"1":0,"2":0,"3":0},"b":{"0":[0,0],"1":[0,0],"2":[0,0],"3":[0,0],"4":[0,0],"5":[0,0],"6":[0,0]},"all":true},"/Volumes/strage/opus_localdev/opus_comp/src/app/api/auth/signup.ts":{"path":"/Volumes/strage/opus_localdev/opus_comp/src/app/api/auth/signup.ts","statementMap":{"0":{"start":{"line":9,"column":2},"end":{"line":11,"column":3}},"1":{"start":{"line":10,"column":4},"end":{"line":10,"column":66}},"2":{"start":{"line":13,"column":2},"end":{"line":44,"column":3}},"3":{"start":{"line":14,"column":38},"end":{"line":14,"column":46}},"4":{"start":{"line":16,"column":4},"end":{"line":18,"column":5}},"5":{"start":{"line":17,"column":6},"end":{"line":17,"column":64}},"6":{"start":{"line":21,"column":25},"end":{"line":23,"column":6}},"7":{"start":{"line":25,"column":4},"end":{"line":27,"column":5}},"8":{"start":{"line":26,"column":6},"end":{"line":26,"column":70}},"9":{"start":{"line":29,"column":27},"end":{"line":29,"column":51}},"10":{"start":{"line":31,"column":17},"end":{"line":38,"column":6}},"11":{"start":{"line":40,"column":4},"end":{"line":40,"column":70}},"12":{"start":{"line":42,"column":4},"end":{"line":42,"column":41}},"13":{"start":{"line":43,"column":4},"end":{"line":43,"column":55}}},"fnMap":{"0":{"name":"handler","decl":{"start":{"line":5,"column":30},"end":{"line":5,"column":37}},"loc":{"start":{"line":8,"column":2},"end":{"line":45,"column":1}},"line":8}},"branchMap":{"0":{"loc":{"start":{"line":9,"column":2},"end":{"line":11,"column":3}},"type":"if","locations":[{"start":{"line":9,"column":2},"end":{"line":11,"column":3}},{"start":{},"end":{}}],"line":9},"1":{"loc":{"start":{"line":16,"column":4},"end":{"line":18,"column":5}},"type":"if","locations":[{"start":{"line":16,"column":4},"end":{"line":18,"column":5}},{"start":{},"end":{}}],"line":16},"2":{"loc":{"start":{"line":16,"column":8},"end":{"line":16,"column":36}},"type":"binary-expr","locations":[{"start":{"line":16,"column":8},"end":{"line":16,"column":13}},{"start":{"line":16,"column":17},"end":{"line":16,"column":23}},{"start":{"line":16,"column":27},"end":{"line":16,"column":36}}],"line":16},"3":{"loc":{"start":{"line":25,"column":4},"end":{"line":27,"column":5}},"type":"if","locations":[{"start":{"line":25,"column":4},"end":{"line":27,"column":5}},{"start":{},"end":{}}],"line":25}},"s":{"0":0,"1":0,"2":0,"3":0,"4":0,"5":0,"6":0,"7":0,"8":0,"9":0,"10":0,"11":0,"12":0,"13":0},"f":{"0":0},"b":{"0":[0,0],"1":[0,0],"2":[0,0,0],"3":[0,0]},"all":true},"/Volumes/strage/opus_localdev/opus_comp/src/app/api/auth/signup/route.ts":{"path":"/Volumes/strage/opus_localdev/opus_comp/src/app/api/auth/signup/route.ts","statementMap":{"0":{"start":{"line":7,"column":2},"end":{"line":89,"column":3}},"1":{"start":{"line":8,"column":17},"end":{"line":8,"column":37}},"2":{"start":{"line":11,"column":19},"end":{"line":11,"column":47}},"3":{"start":{"line":12,"column":4},"end":{"line":21,"column":5}},"4":{"start":{"line":13,"column":6},"end":{"line":20,"column":7}},"5":{"start":{"line":23,"column":49},"end":{"line":23,"column":60}},"6":{"start":{"line":26,"column":4},"end":{"line":35,"column":5}},"7":{"start":{"line":27,"column":6},"end":{"line":34,"column":7}},"8":{"start":{"line":38,"column":25},"end":{"line":40,"column":6}},"9":{"start":{"line":42,"column":4},"end":{"line":51,"column":5}},"10":{"start":{"line":43,"column":6},"end":{"line":50,"column":7}},"11":{"start":{"line":54,"column":27},"end":{"line":54,"column":58}},"12":{"start":{"line":57,"column":17},"end":{"line":68,"column":6}},"13":{"start":{"line":70,"column":4},"end":{"line":78,"column":23}},"14":{"start":{"line":80,"column":4},"end":{"line":80,"column":38}},"15":{"start":{"line":81,"column":4},"end":{"line":88,"column":5}}},"fnMap":{"0":{"name":"POST","decl":{"start":{"line":6,"column":22},"end":{"line":6,"column":26}},"loc":{"start":{"line":6,"column":49},"end":{"line":90,"column":1}},"line":6}},"branchMap":{"0":{"loc":{"start":{"line":12,"column":4},"end":{"line":21,"column":5}},"type":"if","locations":[{"start":{"line":12,"column":4},"end":{"line":21,"column":5}},{"start":{},"end":{}}],"line":12},"1":{"loc":{"start":{"line":26,"column":4},"end":{"line":35,"column":5}},"type":"if","locations":[{"start":{"line":26,"column":4},"end":{"line":35,"column":5}},{"start":{},"end":{}}],"line":26},"2":{"loc":{"start":{"line":42,"column":4},"end":{"line":51,"column":5}},"type":"if","locations":[{"start":{"line":42,"column":4},"end":{"line":51,"column":5}},{"start":{},"end":{}}],"line":42},"3":{"loc":{"start":{"line":85,"column":15},"end":{"line":85,"column":73}},"type":"cond-expr","locations":[{"start":{"line":85,"column":56},"end":{"line":85,"column":61}},{"start":{"line":85,"column":64},"end":{"line":85,"column":73}}],"line":85}},"s":{"0":0,"1":0,"2":0,"3":0,"4":0,"5":0,"6":0,"7":0,"8":0,"9":0,"10":0,"11":0,"12":0,"13":0,"14":0,"15":0},"f":{"0":0},"b":{"0":[0,0],"1":[0,0],"2":[0,0],"3":[0,0]},"all":true},"/Volumes/strage/opus_localdev/opus_comp/src/app/api/corporate-info.ts":{"path":"/Volumes/strage/opus_localdev/opus_comp/src/app/api/corporate-info.ts","statementMap":{"0":{"start":{"line":4,"column":21},"end":{"line":4,"column":64}},"1":{"start":{"line":5,"column":23},"end":{"line":5,"column":39}},"2":{"start":{"line":8,"column":21},"end":{"line":8,"column":30}},"3":{"start":{"line":10,"column":2},"end":{"line":12,"column":3}},"4":{"start":{"line":11,"column":4},"end":{"line":11,"column":63}},"5":{"start":{"line":14,"column":2},"end":{"line":36,"column":3}},"6":{"start":{"line":15,"column":24},"end":{"line":17,"column":5}},"7":{"start":{"line":19,"column":4},"end":{"line":21,"column":5}},"8":{"start":{"line":20,"column":6},"end":{"line":20,"column":43}},"9":{"start":{"line":23,"column":17},"end":{"line":23,"column":41}},"10":{"start":{"line":26,"column":24},"end":{"line":30,"column":5}},"11":{"start":{"line":32,"column":4},"end":{"line":32,"column":38}},"12":{"start":{"line":34,"column":4},"end":{"line":34,"column":59}},"13":{"start":{"line":35,"column":4},"end":{"line":35,"column":61}}},"fnMap":{"0":{"name":"handler","decl":{"start":{"line":7,"column":30},"end":{"line":7,"column":37}},"loc":{"start":{"line":7,"column":81},"end":{"line":37,"column":1}},"line":7}},"branchMap":{"0":{"loc":{"start":{"line":10,"column":2},"end":{"line":12,"column":3}},"type":"if","locations":[{"start":{"line":10,"column":2},"end":{"line":12,"column":3}},{"start":{},"end":{}}],"line":10},"1":{"loc":{"start":{"line":19,"column":4},"end":{"line":21,"column":5}},"type":"if","locations":[{"start":{"line":19,"column":4},"end":{"line":21,"column":5}},{"start":{},"end":{}}],"line":19}},"s":{"0":0,"1":0,"2":0,"3":0,"4":0,"5":0,"6":0,"7":0,"8":0,"9":0,"10":0,"11":0,"12":0,"13":0},"f":{"0":0},"b":{"0":[0,0],"1":[0,0]},"all":true},"/Volumes/strage/opus_localdev/opus_comp/src/app/api/cron/check-invoices.ts":{"path":"/Volumes/strage/opus_localdev/opus_comp/src/app/api/cron/check-invoices.ts","statementMap":{"0":{"start":{"line":10,"column":2},"end":{"line":78,"column":3}},"1":{"start":{"line":12,"column":28},"end":{"line":24,"column":6}},"2":{"start":{"line":26,"column":4},"end":{"line":69,"column":5}},"3":{"start":{"line":28,"column":29},"end":{"line":54,"column":8}},"4":{"start":{"line":29,"column":24},"end":{"line":40,"column":10}},"5":{"start":{"line":43,"column":8},"end":{"line":51,"column":10}},"6":{"start":{"line":53,"column":8},"end":{"line":53,"column":22}},"7":{"start":{"line":57,"column":6},"end":{"line":68,"column":7}},"8":{"start":{"line":58,"column":8},"end":{"line":67,"column":10}},"9":{"start":{"line":71,"column":4},"end":{"line":71,"column":47}},"10":{"start":{"line":73,"column":4},"end":{"line":73,"column":60}},"11":{"start":{"line":74,"column":4},"end":{"line":77,"column":5}}},"fnMap":{"0":{"name":"checkOverdueInvoices","decl":{"start":{"line":9,"column":22},"end":{"line":9,"column":42}},"loc":{"start":{"line":9,"column":45},"end":{"line":79,"column":1}},"line":9},"1":{"name":"(anonymous_1)","decl":{"start":{"line":28,"column":55},"end":{"line":28,"column":56}},"loc":{"start":{"line":28,"column":69},"end":{"line":54,"column":7}},"line":28}},"branchMap":{"0":{"loc":{"start":{"line":57,"column":6},"end":{"line":68,"column":7}},"type":"if","locations":[{"start":{"line":57,"column":6},"end":{"line":68,"column":7}},{"start":{},"end":{}}],"line":57},"1":{"loc":{"start":{"line":57,"column":10},"end":{"line":57,"column":69}},"type":"binary-expr","locations":[{"start":{"line":57,"column":10},"end":{"line":57,"column":38}},{"start":{"line":57,"column":42},"end":{"line":57,"column":69}}],"line":57}},"s":{"0":0,"1":0,"2":0,"3":0,"4":0,"5":0,"6":0,"7":0,"8":0,"9":0,"10":0,"11":0},"f":{"0":0,"1":0},"b":{"0":[0,0],"1":[0,0]},"all":true},"/Volumes/strage/opus_localdev/opus_comp/src/app/api/cron/check-purchase-orders.ts":{"path":"/Volumes/strage/opus_localdev/opus_comp/src/app/api/cron/check-purchase-orders.ts","statementMap":{"0":{"start":{"line":8,"column":2},"end":{"line":73,"column":3}},"1":{"start":{"line":10,"column":26},"end":{"line":21,"column":6}},"2":{"start":{"line":23,"column":4},"end":{"line":64,"column":5}},"3":{"start":{"line":25,"column":27},"end":{"line":50,"column":8}},"4":{"start":{"line":26,"column":24},"end":{"line":36,"column":10}},"5":{"start":{"line":39,"column":8},"end":{"line":47,"column":10}},"6":{"start":{"line":49,"column":8},"end":{"line":49,"column":22}},"7":{"start":{"line":53,"column":6},"end":{"line":63,"column":7}},"8":{"start":{"line":54,"column":8},"end":{"line":62,"column":9}},"9":{"start":{"line":66,"column":4},"end":{"line":66,"column":47}},"10":{"start":{"line":68,"column":4},"end":{"line":68,"column":59}},"11":{"start":{"line":69,"column":4},"end":{"line":72,"column":5}}},"fnMap":{"0":{"name":"checkPurchaseOrders","decl":{"start":{"line":7,"column":22},"end":{"line":7,"column":41}},"loc":{"start":{"line":7,"column":44},"end":{"line":74,"column":1}},"line":7},"1":{"name":"(anonymous_1)","decl":{"start":{"line":25,"column":53},"end":{"line":25,"column":54}},"loc":{"start":{"line":25,"column":67},"end":{"line":50,"column":7}},"line":25}},"branchMap":{"0":{"loc":{"start":{"line":53,"column":6},"end":{"line":63,"column":7}},"type":"if","locations":[{"start":{"line":53,"column":6},"end":{"line":63,"column":7}},{"start":{},"end":{}}],"line":53},"1":{"loc":{"start":{"line":53,"column":10},"end":{"line":53,"column":65}},"type":"binary-expr","locations":[{"start":{"line":53,"column":10},"end":{"line":53,"column":36}},{"start":{"line":53,"column":40},"end":{"line":53,"column":65}}],"line":53}},"s":{"0":0,"1":0,"2":0,"3":0,"4":0,"5":0,"6":0,"7":0,"8":0,"9":0,"10":0,"11":0},"f":{"0":0,"1":0},"b":{"0":[0,0],"1":[0,0]},"all":true},"/Volumes/strage/opus_localdev/opus_comp/src/app/api/cron/check-reminders.ts":{"path":"/Volumes/strage/opus_localdev/opus_comp/src/app/api/cron/check-reminders.ts","statementMap":{"0":{"start":{"line":11,"column":2},"end":{"line":98,"column":3}},"1":{"start":{"line":12,"column":18},"end":{"line":12,"column":28}},"2":{"start":{"line":15,"column":22},"end":{"line":37,"column":6}},"3":{"start":{"line":39,"column":4},"end":{"line":89,"column":5}},"4":{"start":{"line":40,"column":26},"end":{"line":40,"column":34}},"5":{"start":{"line":41,"column":6},"end":{"line":41,"column":28}},"6":{"start":{"line":41,"column":20},"end":{"line":41,"column":28}},"7":{"start":{"line":43,"column":31},"end":{"line":43,"column":36}},"8":{"start":{"line":44,"column":24},"end":{"line":44,"column":25}},"9":{"start":{"line":46,"column":6},"end":{"line":61,"column":7}},"10":{"start":{"line":48,"column":31},"end":{"line":48,"column":71}},"11":{"start":{"line":49,"column":10},"end":{"line":49,"column":74}},"12":{"start":{"line":50,"column":10},"end":{"line":50,"column":15}},"13":{"start":{"line":53,"column":10},"end":{"line":53,"column":64}},"14":{"start":{"line":54,"column":10},"end":{"line":54,"column":73}},"15":{"start":{"line":55,"column":10},"end":{"line":55,"column":15}},"16":{"start":{"line":58,"column":33},"end":{"line":58,"column":75}},"17":{"start":{"line":59,"column":10},"end":{"line":59,"column":76}},"18":{"start":{"line":60,"column":10},"end":{"line":60,"column":15}},"19":{"start":{"line":63,"column":6},"end":{"line":88,"column":7}},"20":{"start":{"line":64,"column":29},"end":{"line":75,"column":9}},"21":{"start":{"line":78,"column":8},"end":{"line":81,"column":9}},"22":{"start":{"line":84,"column":8},"end":{"line":87,"column":10}},"23":{"start":{"line":91,"column":4},"end":{"line":91,"column":47}},"24":{"start":{"line":93,"column":4},"end":{"line":93,"column":53}},"25":{"start":{"line":94,"column":4},"end":{"line":97,"column":5}}},"fnMap":{"0":{"name":"checkReminders","decl":{"start":{"line":10,"column":22},"end":{"line":10,"column":36}},"loc":{"start":{"line":10,"column":39},"end":{"line":99,"column":1}},"line":10}},"branchMap":{"0":{"loc":{"start":{"line":41,"column":6},"end":{"line":41,"column":28}},"type":"if","locations":[{"start":{"line":41,"column":6},"end":{"line":41,"column":28}},{"start":{},"end":{}}],"line":41},"1":{"loc":{"start":{"line":46,"column":6},"end":{"line":61,"column":7}},"type":"switch","locations":[{"start":{"line":47,"column":8},"end":{"line":50,"column":15}},{"start":{"line":52,"column":8},"end":{"line":55,"column":15}},{"start":{"line":57,"column":8},"end":{"line":60,"column":15}}],"line":46},"2":{"loc":{"start":{"line":63,"column":6},"end":{"line":88,"column":7}},"type":"if","locations":[{"start":{"line":63,"column":6},"end":{"line":88,"column":7}},{"start":{},"end":{}}],"line":63},"3":{"loc":{"start":{"line":63,"column":10},"end":{"line":63,"column":52}},"type":"binary-expr","locations":[{"start":{"line":63,"column":10},"end":{"line":63,"column":28}},{"start":{"line":63,"column":32},"end":{"line":63,"column":52}}],"line":63},"4":{"loc":{"start":{"line":80,"column":10},"end":{"line":80,"column":50}},"type":"cond-expr","locations":[{"start":{"line":80,"column":28},"end":{"line":80,"column":37}},{"start":{"line":80,"column":40},"end":{"line":80,"column":50}}],"line":80}},"s":{"0":0,"1":0,"2":0,"3":0,"4":0,"5":0,"6":0,"7":0,"8":0,"9":0,"10":0,"11":0,"12":0,"13":0,"14":0,"15":0,"16":0,"17":0,"18":0,"19":0,"20":0,"21":0,"22":0,"23":0,"24":0,"25":0},"f":{"0":0},"b":{"0":[0,0],"1":[0,0,0],"2":[0,0],"3":[0,0],"4":[0,0]},"all":true},"/Volumes/strage/opus_localdev/opus_comp/src/app/api/cron/payment-reminders/route.ts":{"path":"/Volumes/strage/opus_localdev/opus_comp/src/app/api/cron/payment-reminders/route.ts","statementMap":{"0":{"start":{"line":5,"column":2},"end":{"line":30,"column":3}},"1":{"start":{"line":7,"column":23},"end":{"line":7,"column":59}},"2":{"start":{"line":8,"column":4},"end":{"line":10,"column":5}},"3":{"start":{"line":9,"column":6},"end":{"line":9,"column":63}},"4":{"start":{"line":12,"column":4},"end":{"line":15,"column":7}},"5":{"start":{"line":17,"column":4},"end":{"line":20,"column":7}},"6":{"start":{"line":22,"column":4},"end":{"line":22,"column":62}},"7":{"start":{"line":23,"column":4},"end":{"line":29,"column":6}}},"fnMap":{"0":{"name":"POST","decl":{"start":{"line":4,"column":22},"end":{"line":4,"column":26}},"loc":{"start":{"line":4,"column":49},"end":{"line":31,"column":1}},"line":4}},"branchMap":{"0":{"loc":{"start":{"line":8,"column":4},"end":{"line":10,"column":5}},"type":"if","locations":[{"start":{"line":8,"column":4},"end":{"line":10,"column":5}},{"start":{},"end":{}}],"line":8},"1":{"loc":{"start":{"line":8,"column":8},"end":{"line":8,"column":73}},"type":"binary-expr","locations":[{"start":{"line":8,"column":8},"end":{"line":8,"column":19}},{"start":{"line":8,"column":23},"end":{"line":8,"column":73}}],"line":8},"2":{"loc":{"start":{"line":26,"column":15},"end":{"line":26,"column":77}},"type":"cond-expr","locations":[{"start":{"line":26,"column":40},"end":{"line":26,"column":53}},{"start":{"line":26,"column":56},"end":{"line":26,"column":77}}],"line":26}},"s":{"0":0,"1":0,"2":0,"3":0,"4":0,"5":0,"6":0,"7":0},"f":{"0":0},"b":{"0":[0,0],"1":[0,0],"2":[0,0]},"all":true},"/Volumes/strage/opus_localdev/opus_comp/src/app/api/dashboard/alerts/route.ts":{"path":"/Volumes/strage/opus_localdev/opus_comp/src/app/api/dashboard/alerts/route.ts","statementMap":{"0":{"start":{"line":8,"column":23},"end":{"line":8,"column":38}},"1":{"start":{"line":9,"column":26},"end":{"line":9,"column":27}},"2":{"start":{"line":13,"column":2},"end":{"line":44,"column":3}},"3":{"start":{"line":14,"column":20},"end":{"line":14,"column":55}},"4":{"start":{"line":15,"column":4},"end":{"line":17,"column":5}},"5":{"start":{"line":16,"column":6},"end":{"line":16,"column":85}},"6":{"start":{"line":20,"column":28},"end":{"line":27,"column":6}},"7":{"start":{"line":30,"column":28},"end":{"line":34,"column":6}},"8":{"start":{"line":37,"column":4},"end":{"line":41,"column":6}},"9":{"start":{"line":43,"column":4},"end":{"line":43,"column":32}}},"fnMap":{"0":{"name":"GET","decl":{"start":{"line":12,"column":22},"end":{"line":12,"column":25}},"loc":{"start":{"line":12,"column":71},"end":{"line":45,"column":1}},"line":12}},"branchMap":{"0":{"loc":{"start":{"line":15,"column":4},"end":{"line":17,"column":5}},"type":"if","locations":[{"start":{"line":15,"column":4},"end":{"line":17,"column":5}},{"start":{},"end":{}}],"line":15}},"s":{"0":0,"1":0,"2":0,"3":0,"4":0,"5":0,"6":0,"7":0,"8":0,"9":0},"f":{"0":0},"b":{"0":[0,0]},"all":true},"/Volumes/strage/opus_localdev/opus_comp/src/app/api/dashboard/recent-orders/route.ts":{"path":"/Volumes/strage/opus_localdev/opus_comp/src/app/api/dashboard/recent-orders/route.ts","statementMap":{"0":{"start":{"line":7,"column":23},"end":{"line":7,"column":38}},"1":{"start":{"line":8,"column":26},"end":{"line":8,"column":27}},"2":{"start":{"line":12,"column":2},"end":{"line":31,"column":3}},"3":{"start":{"line":13,"column":20},"end":{"line":13,"column":55}},"4":{"start":{"line":14,"column":4},"end":{"line":16,"column":5}},"5":{"start":{"line":15,"column":6},"end":{"line":15,"column":85}},"6":{"start":{"line":18,"column":25},"end":{"line":26,"column":6}},"7":{"start":{"line":28,"column":4},"end":{"line":28,"column":42}},"8":{"start":{"line":30,"column":4},"end":{"line":30,"column":32}}},"fnMap":{"0":{"name":"GET","decl":{"start":{"line":11,"column":22},"end":{"line":11,"column":25}},"loc":{"start":{"line":11,"column":71},"end":{"line":32,"column":1}},"line":11}},"branchMap":{"0":{"loc":{"start":{"line":14,"column":4},"end":{"line":16,"column":5}},"type":"if","locations":[{"start":{"line":14,"column":4},"end":{"line":16,"column":5}},{"start":{},"end":{}}],"line":14}},"s":{"0":0,"1":0,"2":0,"3":0,"4":0,"5":0,"6":0,"7":0,"8":0},"f":{"0":0},"b":{"0":[0,0]},"all":true},"/Volumes/strage/opus_localdev/opus_comp/src/app/api/dashboard/stats/route.ts":{"path":"/Volumes/strage/opus_localdev/opus_comp/src/app/api/dashboard/stats/route.ts","statementMap":{"0":{"start":{"line":8,"column":23},"end":{"line":8,"column":38}},"1":{"start":{"line":9,"column":26},"end":{"line":9,"column":27}},"2":{"start":{"line":13,"column":2},"end":{"line":33,"column":3}},"3":{"start":{"line":14,"column":20},"end":{"line":14,"column":55}},"4":{"start":{"line":15,"column":4},"end":{"line":17,"column":5}},"5":{"start":{"line":16,"column":6},"end":{"line":16,"column":85}},"6":{"start":{"line":20,"column":18},"end":{"line":24,"column":6}},"7":{"start":{"line":26,"column":4},"end":{"line":30,"column":6}},"8":{"start":{"line":32,"column":4},"end":{"line":32,"column":32}}},"fnMap":{"0":{"name":"GET","decl":{"start":{"line":12,"column":22},"end":{"line":12,"column":25}},"loc":{"start":{"line":12,"column":71},"end":{"line":34,"column":1}},"line":12}},"branchMap":{"0":{"loc":{"start":{"line":15,"column":4},"end":{"line":17,"column":5}},"type":"if","locations":[{"start":{"line":15,"column":4},"end":{"line":17,"column":5}},{"start":{},"end":{}}],"line":15}},"s":{"0":0,"1":0,"2":0,"3":0,"4":0,"5":0,"6":0,"7":0,"8":0},"f":{"0":0},"b":{"0":[0,0]},"all":true},"/Volumes/strage/opus_localdev/opus_comp/src/app/api/dashboard/upcoming-payments/route.ts":{"path":"/Volumes/strage/opus_localdev/opus_comp/src/app/api/dashboard/upcoming-payments/route.ts","statementMap":{"0":{"start":{"line":9,"column":23},"end":{"line":9,"column":38}},"1":{"start":{"line":10,"column":26},"end":{"line":10,"column":27}},"2":{"start":{"line":14,"column":2},"end":{"line":52,"column":3}},"3":{"start":{"line":15,"column":20},"end":{"line":15,"column":55}},"4":{"start":{"line":16,"column":4},"end":{"line":18,"column":5}},"5":{"start":{"line":17,"column":6},"end":{"line":17,"column":85}},"6":{"start":{"line":20,"column":18},"end":{"line":20,"column":28}},"7":{"start":{"line":21,"column":28},"end":{"line":21,"column":46}},"8":{"start":{"line":24,"column":29},"end":{"line":39,"column":6}},"9":{"start":{"line":42,"column":30},"end":{"line":47,"column":7}},"10":{"start":{"line":42,"column":63},"end":{"line":47,"column":5}},"11":{"start":{"line":49,"column":4},"end":{"line":49,"column":47}},"12":{"start":{"line":51,"column":4},"end":{"line":51,"column":32}}},"fnMap":{"0":{"name":"GET","decl":{"start":{"line":13,"column":22},"end":{"line":13,"column":25}},"loc":{"start":{"line":13,"column":71},"end":{"line":53,"column":1}},"line":13},"1":{"name":"(anonymous_1)","decl":{"start":{"line":42,"column":51},"end":{"line":42,"column":52}},"loc":{"start":{"line":42,"column":63},"end":{"line":47,"column":5}},"line":42}},"branchMap":{"0":{"loc":{"start":{"line":16,"column":4},"end":{"line":18,"column":5}},"type":"if","locations":[{"start":{"line":16,"column":4},"end":{"line":18,"column":5}},{"start":{},"end":{}}],"line":16}},"s":{"0":0,"1":0,"2":0,"3":0,"4":0,"5":0,"6":0,"7":0,"8":0,"9":0,"10":0,"11":0,"12":0},"f":{"0":0,"1":0},"b":{"0":[0,0]},"all":true},"/Volumes/strage/opus_localdev/opus_comp/src/app/api/health/route.ts":{"path":"/Volumes/strage/opus_localdev/opus_comp/src/app/api/health/route.ts","statementMap":{"0":{"start":{"line":5,"column":2},"end":{"line":39,"column":3}},"1":{"start":{"line":7,"column":20},"end":{"line":7,"column":52}},"2":{"start":{"line":8,"column":24},"end":{"line":8,"column":45}},"3":{"start":{"line":10,"column":4},"end":{"line":27,"column":5}},"4":{"start":{"line":29,"column":4},"end":{"line":29,"column":48}},"5":{"start":{"line":30,"column":4},"end":{"line":38,"column":5}}},"fnMap":{"0":{"name":"GET","decl":{"start":{"line":4,"column":22},"end":{"line":4,"column":25}},"loc":{"start":{"line":4,"column":28},"end":{"line":40,"column":1}},"line":4}},"branchMap":{"0":{"loc":{"start":{"line":34,"column":15},"end":{"line":34,"column":71}},"type":"cond-expr","locations":[{"start":{"line":34,"column":40},"end":{"line":34,"column":53}},{"start":{"line":34,"column":56},"end":{"line":34,"column":71}}],"line":34}},"s":{"0":0,"1":0,"2":0,"3":0,"4":0,"5":0},"f":{"0":0},"b":{"0":[0,0]},"all":true},"/Volumes/strage/opus_localdev/opus_comp/src/app/api/invoice-templates/[id]/create-invoice/route.ts":{"path":"/Volumes/strage/opus_localdev/opus_comp/src/app/api/invoice-templates/[id]/create-invoice/route.ts","statementMap":{"0":{"start":{"line":10,"column":28},"end":{"line":15,"column":2}},"1":{"start":{"line":23,"column":2},"end":{"line":91,"column":3}},"2":{"start":{"line":24,"column":20},"end":{"line":24,"column":55}},"3":{"start":{"line":25,"column":4},"end":{"line":30,"column":5}},"4":{"start":{"line":26,"column":6},"end":{"line":29,"column":7}},"5":{"start":{"line":32,"column":17},"end":{"line":32,"column":33}},"6":{"start":{"line":33,"column":26},"end":{"line":33,"column":57}},"7":{"start":{"line":36,"column":21},"end":{"line":38,"column":6}},"8":{"start":{"line":40,"column":4},"end":{"line":45,"column":5}},"9":{"start":{"line":41,"column":6},"end":{"line":44,"column":7}},"10":{"start":{"line":48,"column":20},"end":{"line":86,"column":6}},"11":{"start":{"line":65,"column":29},"end":{"line":65,"column":67}},"12":{"start":{"line":66,"column":24},"end":{"line":66,"column":55}},"13":{"start":{"line":67,"column":12},"end":{"line":67,"column":39}},"14":{"start":{"line":71,"column":64},"end":{"line":77,"column":11}},"15":{"start":{"line":88,"column":4},"end":{"line":88,"column":56}},"16":{"start":{"line":90,"column":4},"end":{"line":90,"column":32}}},"fnMap":{"0":{"name":"POST","decl":{"start":{"line":19,"column":22},"end":{"line":19,"column":26}},"loc":{"start":{"line":22,"column":21},"end":{"line":92,"column":1}},"line":22},"1":{"name":"(anonymous_1)","decl":{"start":{"line":64,"column":50},"end":{"line":64,"column":51}},"loc":{"start":{"line":64,"column":73},"end":{"line":68,"column":11}},"line":64},"2":{"name":"(anonymous_2)","decl":{"start":{"line":71,"column":55},"end":{"line":71,"column":56}},"loc":{"start":{"line":71,"column":64},"end":{"line":77,"column":11}},"line":71}},"branchMap":{"0":{"loc":{"start":{"line":25,"column":4},"end":{"line":30,"column":5}},"type":"if","locations":[{"start":{"line":25,"column":4},"end":{"line":30,"column":5}},{"start":{},"end":{}}],"line":25},"1":{"loc":{"start":{"line":40,"column":4},"end":{"line":45,"column":5}},"type":"if","locations":[{"start":{"line":40,"column":4},"end":{"line":45,"column":5}},{"start":{},"end":{}}],"line":40},"2":{"loc":{"start":{"line":54,"column":19},"end":{"line":54,"column":91}},"type":"cond-expr","locations":[{"start":{"line":54,"column":45},"end":{"line":54,"column":78}},{"start":{"line":54,"column":81},"end":{"line":54,"column":91}}],"line":54},"3":{"loc":{"start":{"line":55,"column":17},"end":{"line":57,"column":59}},"type":"cond-expr","locations":[{"start":{"line":56,"column":12},"end":{"line":56,"column":43}},{"start":{"line":57,"column":12},"end":{"line":57,"column":59}}],"line":55},"4":{"loc":{"start":{"line":76,"column":25},"end":{"line":76,"column":49}},"type":"binary-expr","locations":[{"start":{"line":76,"column":25},"end":{"line":76,"column":41}},{"start":{"line":76,"column":45},"end":{"line":76,"column":49}}],"line":76}},"s":{"0":0,"1":0,"2":0,"3":0,"4":0,"5":0,"6":0,"7":0,"8":0,"9":0,"10":0,"11":0,"12":0,"13":0,"14":0,"15":0,"16":0},"f":{"0":0,"1":0,"2":0},"b":{"0":[0,0],"1":[0,0],"2":[0,0],"3":[0,0],"4":[0,0]},"all":true},"/Volumes/strage/opus_localdev/opus_comp/src/app/api/invoice-templates/[id]/route.ts":{"path":"/Volumes/strage/opus_localdev/opus_comp/src/app/api/invoice-templates/[id]/route.ts","statementMap":{"0":{"start":{"line":9,"column":43},"end":{"line":43,"column":1}},"1":{"start":{"line":13,"column":2},"end":{"line":42,"column":3}},"2":{"start":{"line":14,"column":20},"end":{"line":14,"column":55}},"3":{"start":{"line":15,"column":4},"end":{"line":17,"column":5}},"4":{"start":{"line":16,"column":6},"end":{"line":16,"column":85}},"5":{"start":{"line":19,"column":21},"end":{"line":30,"column":6}},"6":{"start":{"line":32,"column":4},"end":{"line":37,"column":5}},"7":{"start":{"line":33,"column":6},"end":{"line":36,"column":7}},"8":{"start":{"line":39,"column":4},"end":{"line":39,"column":38}},"9":{"start":{"line":41,"column":4},"end":{"line":41,"column":32}},"10":{"start":{"line":46,"column":45},"end":{"line":94,"column":1}},"11":{"start":{"line":50,"column":2},"end":{"line":93,"column":3}},"12":{"start":{"line":51,"column":20},"end":{"line":51,"column":55}},"13":{"start":{"line":52,"column":4},"end":{"line":54,"column":5}},"14":{"start":{"line":53,"column":6},"end":{"line":53,"column":85}},"15":{"start":{"line":56,"column":17},"end":{"line":56,"column":37}},"16":{"start":{"line":57,"column":39},"end":{"line":57,"column":43}},"17":{"start":{"line":60,"column":29},"end":{"line":62,"column":6}},"18":{"start":{"line":64,"column":4},"end":{"line":69,"column":5}},"19":{"start":{"line":65,"column":6},"end":{"line":68,"column":7}},"20":{"start":{"line":72,"column":21},"end":{"line":88,"column":6}},"21":{"start":{"line":73,"column":30},"end":{"line":85,"column":8}},"22":{"start":{"line":87,"column":6},"end":{"line":87,"column":28}},"23":{"start":{"line":90,"column":4},"end":{"line":90,"column":38}},"24":{"start":{"line":92,"column":4},"end":{"line":92,"column":32}},"25":{"start":{"line":97,"column":46},"end":{"line":140,"column":1}},"26":{"start":{"line":101,"column":2},"end":{"line":139,"column":3}},"27":{"start":{"line":102,"column":20},"end":{"line":102,"column":55}},"28":{"start":{"line":103,"column":4},"end":{"line":105,"column":5}},"29":{"start":{"line":104,"column":6},"end":{"line":104,"column":85}},"30":{"start":{"line":108,"column":21},"end":{"line":115,"column":6}},"31":{"start":{"line":117,"column":4},"end":{"line":122,"column":5}},"32":{"start":{"line":118,"column":6},"end":{"line":121,"column":7}},"33":{"start":{"line":125,"column":4},"end":{"line":130,"column":5}},"34":{"start":{"line":126,"column":6},"end":{"line":129,"column":7}},"35":{"start":{"line":132,"column":4},"end":{"line":134,"column":6}},"36":{"start":{"line":136,"column":4},"end":{"line":136,"column":47}},"37":{"start":{"line":138,"column":4},"end":{"line":138,"column":32}}},"fnMap":{"0":{"name":"(anonymous_0)","decl":{"start":{"line":9,"column":43},"end":{"line":9,"column":44}},"loc":{"start":{"line":12,"column":5},"end":{"line":43,"column":1}},"line":12},"1":{"name":"(anonymous_1)","decl":{"start":{"line":46,"column":45},"end":{"line":46,"column":46}},"loc":{"start":{"line":49,"column":5},"end":{"line":94,"column":1}},"line":49},"2":{"name":"(anonymous_2)","decl":{"start":{"line":72,"column":47},"end":{"line":72,"column":48}},"loc":{"start":{"line":72,"column":61},"end":{"line":88,"column":5}},"line":72},"3":{"name":"(anonymous_3)","decl":{"start":{"line":97,"column":46},"end":{"line":97,"column":47}},"loc":{"start":{"line":100,"column":5},"end":{"line":140,"column":1}},"line":100}},"branchMap":{"0":{"loc":{"start":{"line":15,"column":4},"end":{"line":17,"column":5}},"type":"if","locations":[{"start":{"line":15,"column":4},"end":{"line":17,"column":5}},{"start":{},"end":{}}],"line":15},"1":{"loc":{"start":{"line":32,"column":4},"end":{"line":37,"column":5}},"type":"if","locations":[{"start":{"line":32,"column":4},"end":{"line":37,"column":5}},{"start":{},"end":{}}],"line":32},"2":{"loc":{"start":{"line":52,"column":4},"end":{"line":54,"column":5}},"type":"if","locations":[{"start":{"line":52,"column":4},"end":{"line":54,"column":5}},{"start":{},"end":{}}],"line":52},"3":{"loc":{"start":{"line":64,"column":4},"end":{"line":69,"column":5}},"type":"if","locations":[{"start":{"line":64,"column":4},"end":{"line":69,"column":5}},{"start":{},"end":{}}],"line":64},"4":{"loc":{"start":{"line":64,"column":8},"end":{"line":64,"column":72}},"type":"binary-expr","locations":[{"start":{"line":64,"column":8},"end":{"line":64,"column":25}},{"start":{"line":64,"column":29},"end":{"line":64,"column":72}}],"line":64},"5":{"loc":{"start":{"line":103,"column":4},"end":{"line":105,"column":5}},"type":"if","locations":[{"start":{"line":103,"column":4},"end":{"line":105,"column":5}},{"start":{},"end":{}}],"line":103},"6":{"loc":{"start":{"line":117,"column":4},"end":{"line":122,"column":5}},"type":"if","locations":[{"start":{"line":117,"column":4},"end":{"line":122,"column":5}},{"start":{},"end":{}}],"line":117},"7":{"loc":{"start":{"line":117,"column":8},"end":{"line":117,"column":56}},"type":"binary-expr","locations":[{"start":{"line":117,"column":8},"end":{"line":117,"column":17}},{"start":{"line":117,"column":21},"end":{"line":117,"column":56}}],"line":117},"8":{"loc":{"start":{"line":125,"column":4},"end":{"line":130,"column":5}},"type":"if","locations":[{"start":{"line":125,"column":4},"end":{"line":130,"column":5}},{"start":{},"end":{}}],"line":125}},"s":{"0":0,"1":0,"2":0,"3":0,"4":0,"5":0,"6":0,"7":0,"8":0,"9":0,"10":0,"11":0,"12":0,"13":0,"14":0,"15":0,"16":0,"17":0,"18":0,"19":0,"20":0,"21":0,"22":0,"23":0,"24":0,"25":0,"26":0,"27":0,"28":0,"29":0,"30":0,"31":0,"32":0,"33":0,"34":0,"35":0,"36":0,"37":0},"f":{"0":0,"1":0,"2":0,"3":0},"b":{"0":[0,0],"1":[0,0],"2":[0,0],"3":[0,0],"4":[0,0],"5":[0,0],"6":[0,0],"7":[0,0],"8":[0,0]},"all":true},"/Volumes/strage/opus_localdev/opus_comp/src/app/api/invoice-templates/route.ts":{"path":"/Volumes/strage/opus_localdev/opus_comp/src/app/api/invoice-templates/route.ts","statementMap":{"0":{"start":{"line":10,"column":27},"end":{"line":16,"column":2}},"1":{"start":{"line":18,"column":23},"end":{"line":21,"column":2}},"2":{"start":{"line":25,"column":2},"end":{"line":46,"column":3}},"3":{"start":{"line":26,"column":20},"end":{"line":26,"column":55}},"4":{"start":{"line":27,"column":4},"end":{"line":29,"column":5}},"5":{"start":{"line":28,"column":6},"end":{"line":28,"column":85}},"6":{"start":{"line":31,"column":22},"end":{"line":41,"column":6}},"7":{"start":{"line":43,"column":4},"end":{"line":43,"column":39}},"8":{"start":{"line":45,"column":4},"end":{"line":45,"column":32}},"9":{"start":{"line":51,"column":2},"end":{"line":94,"column":3}},"10":{"start":{"line":52,"column":20},"end":{"line":52,"column":55}},"11":{"start":{"line":53,"column":4},"end":{"line":55,"column":5}},"12":{"start":{"line":54,"column":6},"end":{"line":54,"column":85}},"13":{"start":{"line":57,"column":17},"end":{"line":57,"column":37}},"14":{"start":{"line":58,"column":26},"end":{"line":58,"column":52}},"15":{"start":{"line":60,"column":21},"end":{"line":89,"column":6}},"16":{"start":{"line":77,"column":51},"end":{"line":83,"column":11}},"17":{"start":{"line":91,"column":4},"end":{"line":91,"column":38}},"18":{"start":{"line":93,"column":4},"end":{"line":93,"column":32}}},"fnMap":{"0":{"name":"GET","decl":{"start":{"line":24,"column":22},"end":{"line":24,"column":25}},"loc":{"start":{"line":24,"column":71},"end":{"line":47,"column":1}},"line":24},"1":{"name":"POST","decl":{"start":{"line":50,"column":22},"end":{"line":50,"column":26}},"loc":{"start":{"line":50,"column":72},"end":{"line":95,"column":1}},"line":50},"2":{"name":"(anonymous_2)","decl":{"start":{"line":77,"column":42},"end":{"line":77,"column":43}},"loc":{"start":{"line":77,"column":51},"end":{"line":83,"column":11}},"line":77}},"branchMap":{"0":{"loc":{"start":{"line":27,"column":4},"end":{"line":29,"column":5}},"type":"if","locations":[{"start":{"line":27,"column":4},"end":{"line":29,"column":5}},{"start":{},"end":{}}],"line":27},"1":{"loc":{"start":{"line":53,"column":4},"end":{"line":55,"column":5}},"type":"if","locations":[{"start":{"line":53,"column":4},"end":{"line":55,"column":5}},{"start":{},"end":{}}],"line":53},"2":{"loc":{"start":{"line":82,"column":25},"end":{"line":82,"column":49}},"type":"binary-expr","locations":[{"start":{"line":82,"column":25},"end":{"line":82,"column":41}},{"start":{"line":82,"column":45},"end":{"line":82,"column":49}}],"line":82}},"s":{"0":0,"1":0,"2":0,"3":0,"4":0,"5":0,"6":0,"7":0,"8":0,"9":0,"10":0,"11":0,"12":0,"13":0,"14":0,"15":0,"16":0,"17":0,"18":0},"f":{"0":0,"1":0,"2":0},"b":{"0":[0,0],"1":[0,0],"2":[0,0]},"all":true},"/Volumes/strage/opus_localdev/opus_comp/src/app/api/invoice/bulk/route.ts":{"path":"/Volumes/strage/opus_localdev/opus_comp/src/app/api/invoice/bulk/route.ts","statementMap":{"0":{"start":{"line":6,"column":2},"end":{"line":44,"column":3}},"1":{"start":{"line":7,"column":35},"end":{"line":7,"column":55}},"2":{"start":{"line":9,"column":4},"end":{"line":36,"column":5}},"3":{"start":{"line":11,"column":27},"end":{"line":11,"column":47}},"4":{"start":{"line":12,"column":8},"end":{"line":21,"column":11}},"5":{"start":{"line":22,"column":8},"end":{"line":22,"column":14}},"6":{"start":{"line":25,"column":8},"end":{"line":31,"column":11}},"7":{"start":{"line":32,"column":8},"end":{"line":32,"column":14}},"8":{"start":{"line":35,"column":8},"end":{"line":35,"column":42}},"9":{"start":{"line":38,"column":4},"end":{"line":38,"column":48}},"10":{"start":{"line":40,"column":4},"end":{"line":43,"column":6}}},"fnMap":{"0":{"name":"POST","decl":{"start":{"line":5,"column":22},"end":{"line":5,"column":26}},"loc":{"start":{"line":5,"column":49},"end":{"line":45,"column":1}},"line":5}},"branchMap":{"0":{"loc":{"start":{"line":9,"column":4},"end":{"line":36,"column":5}},"type":"switch","locations":[{"start":{"line":10,"column":6},"end":{"line":22,"column":14}},{"start":{"line":24,"column":6},"end":{"line":32,"column":14}},{"start":{"line":34,"column":6},"end":{"line":35,"column":42}}],"line":9}},"s":{"0":0,"1":0,"2":0,"3":0,"4":0,"5":0,"6":0,"7":0,"8":0,"9":0,"10":0},"f":{"0":0},"b":{"0":[0,0,0]},"all":true},"/Volumes/strage/opus_localdev/opus_comp/src/app/api/invoice/send-email/route.ts":{"path":"/Volumes/strage/opus_localdev/opus_comp/src/app/api/invoice/send-email/route.ts","statementMap":{"0":{"start":{"line":5,"column":15},"end":{"line":5,"column":53}},"1":{"start":{"line":8,"column":2},"end":{"line":39,"column":3}},"2":{"start":{"line":9,"column":49},"end":{"line":9,"column":69}},"3":{"start":{"line":11,"column":21},"end":{"line":30,"column":6}},"4":{"start":{"line":32,"column":4},"end":{"line":32,"column":64}},"5":{"start":{"line":34,"column":25},"end":{"line":34,"column":81}},"6":{"start":{"line":35,"column":4},"end":{"line":38,"column":6}}},"fnMap":{"0":{"name":"POST","decl":{"start":{"line":7,"column":22},"end":{"line":7,"column":26}},"loc":{"start":{"line":7,"column":49},"end":{"line":40,"column":1}},"line":7}},"branchMap":{"0":{"loc":{"start":{"line":34,"column":25},"end":{"line":34,"column":81}},"type":"cond-expr","locations":[{"start":{"line":34,"column":50},"end":{"line":34,"column":63}},{"start":{"line":34,"column":66},"end":{"line":34,"column":81}}],"line":34}},"s":{"0":0,"1":0,"2":0,"3":0,"4":0,"5":0,"6":0},"f":{"0":0},"b":{"0":[0,0]},"all":true},"/Volumes/strage/opus_localdev/opus_comp/src/app/api/invoice/templates/route.ts":{"path":"/Volumes/strage/opus_localdev/opus_comp/src/app/api/invoice/templates/route.ts","statementMap":{"0":{"start":{"line":7,"column":2},"end":{"line":19,"column":3}},"1":{"start":{"line":8,"column":22},"end":{"line":12,"column":6}},"2":{"start":{"line":13,"column":4},"end":{"line":13,"column":59}},"3":{"start":{"line":15,"column":4},"end":{"line":18,"column":6}},"4":{"start":{"line":24,"column":2},"end":{"line":39,"column":3}},"5":{"start":{"line":25,"column":17},"end":{"line":25,"column":37}},"6":{"start":{"line":26,"column":21},"end":{"line":32,"column":6}},"7":{"start":{"line":33,"column":4},"end":{"line":33,"column":58}},"8":{"start":{"line":35,"column":4},"end":{"line":38,"column":6}}},"fnMap":{"0":{"name":"GET","decl":{"start":{"line":6,"column":22},"end":{"line":6,"column":25}},"loc":{"start":{"line":6,"column":28},"end":{"line":20,"column":1}},"line":6},"1":{"name":"POST","decl":{"start":{"line":23,"column":22},"end":{"line":23,"column":26}},"loc":{"start":{"line":23,"column":49},"end":{"line":40,"column":1}},"line":23}},"branchMap":{},"s":{"0":0,"1":0,"2":0,"3":0,"4":0,"5":0,"6":0,"7":0,"8":0},"f":{"0":0,"1":0},"b":{},"all":true},"/Volumes/strage/opus_localdev/opus_comp/src/app/api/invoices/[id]/payment/route.ts":{"path":"/Volumes/strage/opus_localdev/opus_comp/src/app/api/invoices/[id]/payment/route.ts","statementMap":{"0":{"start":{"line":10,"column":2},"end":{"line":47,"column":3}},"1":{"start":{"line":11,"column":20},"end":{"line":11,"column":55}},"2":{"start":{"line":12,"column":4},"end":{"line":17,"column":5}},"3":{"start":{"line":13,"column":6},"end":{"line":16,"column":7}},"4":{"start":{"line":19,"column":20},"end":{"line":19,"column":40}},"5":{"start":{"line":20,"column":17},"end":{"line":20,"column":37}},"6":{"start":{"line":23,"column":27},"end":{"line":38,"column":6}},"7":{"start":{"line":40,"column":4},"end":{"line":40,"column":82}},"8":{"start":{"line":42,"column":4},"end":{"line":42,"column":49}},"9":{"start":{"line":43,"column":4},"end":{"line":46,"column":5}}},"fnMap":{"0":{"name":"POST","decl":{"start":{"line":9,"column":22},"end":{"line":9,"column":26}},"loc":{"start":{"line":9,"column":74},"end":{"line":48,"column":1}},"line":9}},"branchMap":{"0":{"loc":{"start":{"line":12,"column":4},"end":{"line":17,"column":5}},"type":"if","locations":[{"start":{"line":12,"column":4},"end":{"line":17,"column":5}},{"start":{},"end":{}}],"line":12}},"s":{"0":0,"1":0,"2":0,"3":0,"4":0,"5":0,"6":0,"7":0,"8":0,"9":0},"f":{"0":0},"b":{"0":[0,0]},"all":true},"/Volumes/strage/opus_localdev/opus_comp/src/app/api/invoices/[id]/pdf/route.ts":{"path":"/Volumes/strage/opus_localdev/opus_comp/src/app/api/invoices/[id]/pdf/route.ts","statementMap":{"0":{"start":{"line":25,"column":2},"end":{"line":117,"column":3}},"1":{"start":{"line":26,"column":20},"end":{"line":26,"column":55}},"2":{"start":{"line":27,"column":4},"end":{"line":32,"column":5}},"3":{"start":{"line":28,"column":6},"end":{"line":31,"column":7}},"4":{"start":{"line":35,"column":20},"end":{"line":43,"column":6}},"5":{"start":{"line":45,"column":4},"end":{"line":50,"column":5}},"6":{"start":{"line":46,"column":6},"end":{"line":49,"column":7}},"7":{"start":{"line":53,"column":38},"end":{"line":59,"column":5}},"8":{"start":{"line":62,"column":21},"end":{"line":68,"column":23}},"9":{"start":{"line":71,"column":17},"end":{"line":87,"column":6}},"10":{"start":{"line":74,"column":40},"end":{"line":80,"column":7}},"11":{"start":{"line":90,"column":20},"end":{"line":93,"column":6}},"12":{"start":{"line":94,"column":17},"end":{"line":94,"column":40}},"13":{"start":{"line":95,"column":4},"end":{"line":95,"column":62}},"14":{"start":{"line":96,"column":16},"end":{"line":105,"column":6}},"15":{"start":{"line":106,"column":4},"end":{"line":106,"column":25}},"16":{"start":{"line":109,"column":4},"end":{"line":114,"column":6}},"17":{"start":{"line":116,"column":4},"end":{"line":116,"column":32}}},"fnMap":{"0":{"name":"POST","decl":{"start":{"line":21,"column":22},"end":{"line":21,"column":26}},"loc":{"start":{"line":24,"column":2},"end":{"line":118,"column":1}},"line":24},"1":{"name":"(anonymous_1)","decl":{"start":{"line":74,"column":31},"end":{"line":74,"column":32}},"loc":{"start":{"line":74,"column":40},"end":{"line":80,"column":7}},"line":74}},"branchMap":{"0":{"loc":{"start":{"line":27,"column":4},"end":{"line":32,"column":5}},"type":"if","locations":[{"start":{"line":27,"column":4},"end":{"line":32,"column":5}},{"start":{},"end":{}}],"line":27},"1":{"loc":{"start":{"line":45,"column":4},"end":{"line":50,"column":5}},"type":"if","locations":[{"start":{"line":45,"column":4},"end":{"line":50,"column":5}},{"start":{},"end":{}}],"line":45},"2":{"loc":{"start":{"line":62,"column":21},"end":{"line":68,"column":23}},"type":"cond-expr","locations":[{"start":{"line":62,"column":80},"end":{"line":68,"column":5}},{"start":{"line":68,"column":8},"end":{"line":68,"column":23}}],"line":62},"3":{"loc":{"start":{"line":62,"column":21},"end":{"line":62,"column":77}},"type":"binary-expr","locations":[{"start":{"line":62,"column":21},"end":{"line":62,"column":37}},{"start":{"line":62,"column":41},"end":{"line":62,"column":77}}],"line":62},"4":{"loc":{"start":{"line":63,"column":23},"end":{"line":63,"column":63}},"type":"binary-expr","locations":[{"start":{"line":63,"column":23},"end":{"line":63,"column":57}},{"start":{"line":63,"column":61},"end":{"line":63,"column":63}}],"line":63},"5":{"loc":{"start":{"line":64,"column":25},"end":{"line":64,"column":67}},"type":"binary-expr","locations":[{"start":{"line":64,"column":25},"end":{"line":64,"column":61}},{"start":{"line":64,"column":65},"end":{"line":64,"column":67}}],"line":64},"6":{"loc":{"start":{"line":65,"column":26},"end":{"line":65,"column":71}},"type":"binary-expr","locations":[{"start":{"line":65,"column":26},"end":{"line":65,"column":63}},{"start":{"line":65,"column":67},"end":{"line":65,"column":71}}],"line":65},"7":{"loc":{"start":{"line":66,"column":28},"end":{"line":66,"column":73}},"type":"binary-expr","locations":[{"start":{"line":66,"column":28},"end":{"line":66,"column":67}},{"start":{"line":66,"column":71},"end":{"line":66,"column":73}}],"line":66},"8":{"loc":{"start":{"line":67,"column":28},"end":{"line":67,"column":73}},"type":"binary-expr","locations":[{"start":{"line":67,"column":28},"end":{"line":67,"column":67}},{"start":{"line":67,"column":71},"end":{"line":67,"column":73}}],"line":67},"9":{"loc":{"start":{"line":83,"column":17},"end":{"line":83,"column":45}},"type":"binary-expr","locations":[{"start":{"line":83,"column":17},"end":{"line":83,"column":39}},{"start":{"line":83,"column":43},"end":{"line":83,"column":45}}],"line":83},"10":{"loc":{"start":{"line":84,"column":28},"end":{"line":84,"column":67}},"type":"binary-expr","locations":[{"start":{"line":84,"column":28},"end":{"line":84,"column":61}},{"start":{"line":84,"column":65},"end":{"line":84,"column":67}}],"line":84}},"s":{"0":0,"1":0,"2":0,"3":0,"4":0,"5":0,"6":0,"7":0,"8":0,"9":0,"10":0,"11":0,"12":0,"13":0,"14":0,"15":0,"16":0,"17":0},"f":{"0":0,"1":0},"b":{"0":[0,0],"1":[0,0],"2":[0,0],"3":[0,0],"4":[0,0],"5":[0,0],"6":[0,0],"7":[0,0],"8":[0,0],"9":[0,0],"10":[0,0]},"all":true},"/Volumes/strage/opus_localdev/opus_comp/src/app/api/invoices/[id]/reminders/route.ts":{"path":"/Volumes/strage/opus_localdev/opus_comp/src/app/api/invoices/[id]/reminders/route.ts","statementMap":{"0":{"start":{"line":6,"column":17},"end":{"line":6,"column":35}},"1":{"start":{"line":7,"column":2},"end":{"line":24,"column":3}},"2":{"start":{"line":8,"column":21},"end":{"line":15,"column":6}},"3":{"start":{"line":17,"column":4},"end":{"line":17,"column":39}},"4":{"start":{"line":19,"column":4},"end":{"line":19,"column":63}},"5":{"start":{"line":20,"column":4},"end":{"line":23,"column":6}},"6":{"start":{"line":28,"column":17},"end":{"line":28,"column":35}},"7":{"start":{"line":29,"column":2},"end":{"line":48,"column":3}},"8":{"start":{"line":30,"column":17},"end":{"line":30,"column":37}},"9":{"start":{"line":31,"column":40},"end":{"line":31,"column":44}},"10":{"start":{"line":33,"column":20},"end":{"line":39,"column":6}},"11":{"start":{"line":41,"column":4},"end":{"line":41,"column":38}},"12":{"start":{"line":43,"column":4},"end":{"line":43,"column":63}},"13":{"start":{"line":44,"column":4},"end":{"line":47,"column":6}},"14":{"start":{"line":52,"column":17},"end":{"line":52,"column":35}},"15":{"start":{"line":53,"column":2},"end":{"line":72,"column":3}},"16":{"start":{"line":54,"column":17},"end":{"line":54,"column":37}},"17":{"start":{"line":55,"column":36},"end":{"line":55,"column":40}},"18":{"start":{"line":57,"column":20},"end":{"line":63,"column":6}},"19":{"start":{"line":65,"column":4},"end":{"line":65,"column":38}},"20":{"start":{"line":67,"column":4},"end":{"line":67,"column":63}},"21":{"start":{"line":68,"column":4},"end":{"line":71,"column":6}},"22":{"start":{"line":76,"column":17},"end":{"line":76,"column":35}},"23":{"start":{"line":77,"column":2},"end":{"line":95,"column":3}},"24":{"start":{"line":78,"column":17},"end":{"line":78,"column":37}},"25":{"start":{"line":79,"column":27},"end":{"line":79,"column":31}},"26":{"start":{"line":81,"column":4},"end":{"line":86,"column":7}},"27":{"start":{"line":88,"column":4},"end":{"line":88,"column":48}},"28":{"start":{"line":90,"column":4},"end":{"line":90,"column":63}},"29":{"start":{"line":91,"column":4},"end":{"line":94,"column":6}}},"fnMap":{"0":{"name":"GET","decl":{"start":{"line":5,"column":22},"end":{"line":5,"column":25}},"loc":{"start":{"line":5,"column":99},"end":{"line":25,"column":1}},"line":5},"1":{"name":"POST","decl":{"start":{"line":27,"column":22},"end":{"line":27,"column":26}},"loc":{"start":{"line":27,"column":100},"end":{"line":49,"column":1}},"line":27},"2":{"name":"PUT","decl":{"start":{"line":51,"column":22},"end":{"line":51,"column":25}},"loc":{"start":{"line":51,"column":99},"end":{"line":73,"column":1}},"line":51},"3":{"name":"DELETE","decl":{"start":{"line":75,"column":22},"end":{"line":75,"column":28}},"loc":{"start":{"line":75,"column":102},"end":{"line":96,"column":1}},"line":75}},"branchMap":{},"s":{"0":0,"1":0,"2":0,"3":0,"4":0,"5":0,"6":0,"7":0,"8":0,"9":0,"10":0,"11":0,"12":0,"13":0,"14":0,"15":0,"16":0,"17":0,"18":0,"19":0,"20":0,"21":0,"22":0,"23":0,"24":0,"25":0,"26":0,"27":0,"28":0,"29":0},"f":{"0":0,"1":0,"2":0,"3":0},"b":{},"all":true},"/Volumes/strage/opus_localdev/opus_comp/src/app/api/invoices/[id]/route.ts":{"path":"/Volumes/strage/opus_localdev/opus_comp/src/app/api/invoices/[id]/route.ts","statementMap":{"0":{"start":{"line":19,"column":2},"end":{"line":49,"column":3}},"1":{"start":{"line":20,"column":20},"end":{"line":20,"column":55}},"2":{"start":{"line":21,"column":4},"end":{"line":26,"column":5}},"3":{"start":{"line":22,"column":6},"end":{"line":25,"column":7}},"4":{"start":{"line":28,"column":20},"end":{"line":37,"column":6}},"5":{"start":{"line":39,"column":4},"end":{"line":44,"column":5}},"6":{"start":{"line":40,"column":6},"end":{"line":43,"column":7}},"7":{"start":{"line":46,"column":4},"end":{"line":46,"column":62}},"8":{"start":{"line":48,"column":4},"end":{"line":48,"column":32}},"9":{"start":{"line":53,"column":17},"end":{"line":53,"column":35}},"10":{"start":{"line":54,"column":18},"end":{"line":54,"column":53}},"11":{"start":{"line":55,"column":2},"end":{"line":57,"column":3}},"12":{"start":{"line":56,"column":4},"end":{"line":56,"column":60}},"13":{"start":{"line":59,"column":2},"end":{"line":74,"column":3}},"14":{"start":{"line":60,"column":23},"end":{"line":60,"column":43}},"15":{"start":{"line":61,"column":4},"end":{"line":63,"column":5}},"16":{"start":{"line":62,"column":6},"end":{"line":62,"column":64}},"17":{"start":{"line":65,"column":20},"end":{"line":68,"column":6}},"18":{"start":{"line":70,"column":4},"end":{"line":70,"column":37}},"19":{"start":{"line":72,"column":4},"end":{"line":72,"column":58}},"20":{"start":{"line":73,"column":4},"end":{"line":73,"column":69}},"21":{"start":{"line":81,"column":2},"end":{"line":97,"column":3}},"22":{"start":{"line":82,"column":20},"end":{"line":82,"column":55}},"23":{"start":{"line":83,"column":4},"end":{"line":88,"column":5}},"24":{"start":{"line":84,"column":6},"end":{"line":87,"column":7}},"25":{"start":{"line":90,"column":4},"end":{"line":92,"column":6}},"26":{"start":{"line":94,"column":4},"end":{"line":94,"column":47}},"27":{"start":{"line":96,"column":4},"end":{"line":96,"column":32}},"28":{"start":{"line":101,"column":17},"end":{"line":101,"column":35}},"29":{"start":{"line":102,"column":2},"end":{"line":181,"column":3}},"30":{"start":{"line":103,"column":20},"end":{"line":103,"column":55}},"31":{"start":{"line":104,"column":4},"end":{"line":106,"column":5}},"32":{"start":{"line":105,"column":6},"end":{"line":105,"column":85}},"33":{"start":{"line":108,"column":19},"end":{"line":108,"column":25}},"34":{"start":{"line":109,"column":17},"end":{"line":109,"column":37}},"35":{"start":{"line":112,"column":27},"end":{"line":159,"column":6}},"36":{"start":{"line":114,"column":26},"end":{"line":123,"column":14}},"37":{"start":{"line":115,"column":8},"end":{"line":122,"column":10}},"38":{"start":{"line":125,"column":26},"end":{"line":125,"column":56}},"39":{"start":{"line":128,"column":6},"end":{"line":135,"column":8}},"40":{"start":{"line":138,"column":6},"end":{"line":158,"column":8}},"41":{"start":{"line":148,"column":45},"end":{"line":148,"column":59}},"42":{"start":{"line":162,"column":30},"end":{"line":175,"column":5}},"43":{"start":{"line":165,"column":47},"end":{"line":169,"column":7}},"44":{"start":{"line":177,"column":4},"end":{"line":177,"column":47}},"45":{"start":{"line":179,"column":4},"end":{"line":179,"column":51}},"46":{"start":{"line":180,"column":4},"end":{"line":180,"column":84}}},"fnMap":{"0":{"name":"GET","decl":{"start":{"line":15,"column":22},"end":{"line":15,"column":25}},"loc":{"start":{"line":18,"column":2},"end":{"line":50,"column":1}},"line":18},"1":{"name":"PATCH","decl":{"start":{"line":52,"column":22},"end":{"line":52,"column":27}},"loc":{"start":{"line":52,"column":90},"end":{"line":75,"column":1}},"line":52},"2":{"name":"DELETE","decl":{"start":{"line":77,"column":22},"end":{"line":77,"column":28}},"loc":{"start":{"line":80,"column":2},"end":{"line":98,"column":1}},"line":80},"3":{"name":"PUT","decl":{"start":{"line":100,"column":22},"end":{"line":100,"column":25}},"loc":{"start":{"line":100,"column":92},"end":{"line":182,"column":1}},"line":100},"4":{"name":"(anonymous_4)","decl":{"start":{"line":112,"column":53},"end":{"line":112,"column":54}},"loc":{"start":{"line":112,"column":67},"end":{"line":159,"column":5}},"line":112},"5":{"name":"(anonymous_5)","decl":{"start":{"line":114,"column":60},"end":{"line":114,"column":61}},"loc":{"start":{"line":114,"column":75},"end":{"line":123,"column":7}},"line":114},"6":{"name":"(anonymous_6)","decl":{"start":{"line":148,"column":37},"end":{"line":148,"column":38}},"loc":{"start":{"line":148,"column":45},"end":{"line":148,"column":59}},"line":148},"7":{"name":"(anonymous_7)","decl":{"start":{"line":165,"column":38},"end":{"line":165,"column":39}},"loc":{"start":{"line":165,"column":47},"end":{"line":169,"column":7}},"line":165}},"branchMap":{"0":{"loc":{"start":{"line":21,"column":4},"end":{"line":26,"column":5}},"type":"if","locations":[{"start":{"line":21,"column":4},"end":{"line":26,"column":5}},{"start":{},"end":{}}],"line":21},"1":{"loc":{"start":{"line":39,"column":4},"end":{"line":44,"column":5}},"type":"if","locations":[{"start":{"line":39,"column":4},"end":{"line":44,"column":5}},{"start":{},"end":{}}],"line":39},"2":{"loc":{"start":{"line":55,"column":2},"end":{"line":57,"column":3}},"type":"if","locations":[{"start":{"line":55,"column":2},"end":{"line":57,"column":3}},{"start":{},"end":{}}],"line":55},"3":{"loc":{"start":{"line":61,"column":4},"end":{"line":63,"column":5}},"type":"if","locations":[{"start":{"line":61,"column":4},"end":{"line":63,"column":5}},{"start":{},"end":{}}],"line":61},"4":{"loc":{"start":{"line":61,"column":8},"end":{"line":61,"column":65}},"type":"binary-expr","locations":[{"start":{"line":61,"column":8},"end":{"line":61,"column":15}},{"start":{"line":61,"column":19},"end":{"line":61,"column":65}}],"line":61},"5":{"loc":{"start":{"line":83,"column":4},"end":{"line":88,"column":5}},"type":"if","locations":[{"start":{"line":83,"column":4},"end":{"line":88,"column":5}},{"start":{},"end":{}}],"line":83},"6":{"loc":{"start":{"line":104,"column":4},"end":{"line":106,"column":5}},"type":"if","locations":[{"start":{"line":104,"column":4},"end":{"line":106,"column":5}},{"start":{},"end":{}}],"line":104},"7":{"loc":{"start":{"line":114,"column":26},"end":{"line":123,"column":14}},"type":"binary-expr","locations":[{"start":{"line":114,"column":26},"end":{"line":123,"column":8}},{"start":{"line":123,"column":12},"end":{"line":123,"column":14}}],"line":114},"8":{"loc":{"start":{"line":143,"column":21},"end":{"line":143,"column":74}},"type":"cond-expr","locations":[{"start":{"line":143,"column":38},"end":{"line":143,"column":62}},{"start":{"line":143,"column":65},"end":{"line":143,"column":74}}],"line":143},"9":{"loc":{"start":{"line":144,"column":19},"end":{"line":144,"column":68}},"type":"cond-expr","locations":[{"start":{"line":144,"column":34},"end":{"line":144,"column":56}},{"start":{"line":144,"column":59},"end":{"line":144,"column":68}}],"line":144},"10":{"loc":{"start":{"line":170,"column":21},"end":{"line":174,"column":14}},"type":"cond-expr","locations":[{"start":{"line":170,"column":52},"end":{"line":174,"column":7}},{"start":{"line":174,"column":10},"end":{"line":174,"column":14}}],"line":170}},"s":{"0":0,"1":0,"2":0,"3":0,"4":0,"5":0,"6":0,"7":0,"8":0,"9":0,"10":0,"11":0,"12":0,"13":0,"14":0,"15":0,"16":0,"17":0,"18":0,"19":0,"20":0,"21":0,"22":0,"23":0,"24":0,"25":0,"26":0,"27":0,"28":0,"29":0,"30":0,"31":0,"32":0,"33":0,"34":0,"35":0,"36":0,"37":0,"38":0,"39":0,"40":0,"41":0,"42":0,"43":0,"44":0,"45":0,"46":0},"f":{"0":0,"1":0,"2":0,"3":0,"4":0,"5":0,"6":0,"7":0},"b":{"0":[0,0],"1":[0,0],"2":[0,0],"3":[0,0],"4":[0,0],"5":[0,0],"6":[0,0],"7":[0,0],"8":[0,0],"9":[0,0],"10":[0,0]},"all":true},"/Volumes/strage/opus_localdev/opus_comp/src/app/api/invoices/[id]/send-email/route.ts":{"path":"/Volumes/strage/opus_localdev/opus_comp/src/app/api/invoices/[id]/send-email/route.ts","statementMap":{"0":{"start":{"line":12,"column":17},"end":{"line":12,"column":35}},"1":{"start":{"line":13,"column":2},"end":{"line":101,"column":3}},"2":{"start":{"line":15,"column":20},"end":{"line":15,"column":55}},"3":{"start":{"line":16,"column":4},"end":{"line":18,"column":5}},"4":{"start":{"line":17,"column":6},"end":{"line":17,"column":62}},"5":{"start":{"line":21,"column":17},"end":{"line":21,"column":37}},"6":{"start":{"line":22,"column":49},"end":{"line":22,"column":53}},"7":{"start":{"line":25,"column":24},"end":{"line":41,"column":6}},"8":{"start":{"line":43,"column":4},"end":{"line":45,"column":5}},"9":{"start":{"line":44,"column":6},"end":{"line":44,"column":79}},"10":{"start":{"line":49,"column":4},"end":{"line":54,"column":5}},"11":{"start":{"line":50,"column":6},"end":{"line":50,"column":68}},"12":{"start":{"line":52,"column":6},"end":{"line":52,"column":54}},"13":{"start":{"line":53,"column":6},"end":{"line":53,"column":74}},"14":{"start":{"line":57,"column":29},"end":{"line":68,"column":5}},"15":{"start":{"line":71,"column":24},"end":{"line":79,"column":6}},"16":{"start":{"line":82,"column":22},"end":{"line":85,"column":7}},"17":{"start":{"line":88,"column":4},"end":{"line":95,"column":6}},"18":{"start":{"line":97,"column":4},"end":{"line":97,"column":71}},"19":{"start":{"line":99,"column":4},"end":{"line":99,"column":48}},"20":{"start":{"line":100,"column":4},"end":{"line":100,"column":67}}},"fnMap":{"0":{"name":"POST","decl":{"start":{"line":11,"column":22},"end":{"line":11,"column":26}},"loc":{"start":{"line":11,"column":89},"end":{"line":102,"column":1}},"line":11}},"branchMap":{"0":{"loc":{"start":{"line":16,"column":4},"end":{"line":18,"column":5}},"type":"if","locations":[{"start":{"line":16,"column":4},"end":{"line":18,"column":5}},{"start":{},"end":{}}],"line":16},"1":{"loc":{"start":{"line":43,"column":4},"end":{"line":45,"column":5}},"type":"if","locations":[{"start":{"line":43,"column":4},"end":{"line":45,"column":5}},{"start":{},"end":{}}],"line":43},"2":{"loc":{"start":{"line":43,"column":8},"end":{"line":43,"column":45}},"type":"binary-expr","locations":[{"start":{"line":43,"column":8},"end":{"line":43,"column":20}},{"start":{"line":43,"column":24},"end":{"line":43,"column":45}}],"line":43},"3":{"loc":{"start":{"line":66,"column":22},"end":{"line":66,"column":68}},"type":"binary-expr","locations":[{"start":{"line":66,"column":22},"end":{"line":66,"column":55}},{"start":{"line":66,"column":59},"end":{"line":66,"column":68}}],"line":66}},"s":{"0":0,"1":0,"2":0,"3":0,"4":0,"5":0,"6":0,"7":0,"8":0,"9":0,"10":0,"11":0,"12":0,"13":0,"14":0,"15":0,"16":0,"17":0,"18":0,"19":0,"20":0},"f":{"0":0},"b":{"0":[0,0],"1":[0,0],"2":[0,0],"3":[0,0]},"all":true},"/Volumes/strage/opus_localdev/opus_comp/src/app/api/invoices/[id]/status/route.ts":{"path":"/Volumes/strage/opus_localdev/opus_comp/src/app/api/invoices/[id]/status/route.ts","statementMap":{"0":{"start":{"line":13,"column":27},"end":{"line":16,"column":2}},"1":{"start":{"line":19,"column":20},"end":{"line":98,"column":1}},"2":{"start":{"line":23,"column":2},"end":{"line":97,"column":3
[...]
ne":65,"column":2},"end":{"line":65,"column":15}},"22":{"start":{"line":72,"column":17},"end":{"line":72,"column":28}},"23":{"start":{"line":73,"column":2},"end":{"line":75,"column":3}},"24":{"start":{"line":74,"column":4},"end":{"line":74,"column":63}},"25":{"start":{"line":76,"column":2},"end":{"line":76,"column":15}}},"fnMap":{"0":{"name":"toDecimal","decl":{"start":{"line":12,"column":16},"end":{"line":12,"column":25}},"loc":{"start":{"line":12,"column":63},"end":{"line":26,"column":1}},"line":12},"1":{"name":"fromDecimal","decl":{"start":{"line":31,"column":16},"end":{"line":31,"column":27}},"loc":{"start":{"line":31,"column":65},"end":{"line":45,"column":1}},"line":31},"2":{"name":"convertArrayItems","decl":{"start":{"line":50,"column":16},"end":{"line":50,"column":33}},"loc":{"start":{"line":53,"column":7},"end":{"line":55,"column":1}},"line":53},"3":{"name":"(anonymous_3)","decl":{"start":{"line":54,"column":19},"end":{"line":54,"column":20}},"loc":{"start":{"line":54,"column":27},"end":{"line":54,"column":42}},"line":54},"4":{"name":"prepareForApi","decl":{"start":{"line":60,"column":16},"end":{"line":60,"column":29}},"loc":{"start":{"line":60,"column":81},"end":{"line":66,"column":1}},"line":60},"5":{"name":"prepareFromApi","decl":{"start":{"line":71,"column":16},"end":{"line":71,"column":30}},"loc":{"start":{"line":71,"column":82},"end":{"line":77,"column":1}},"line":71}},"branchMap":{"0":{"loc":{"start":{"line":15,"column":2},"end":{"line":17,"column":3}},"type":"if","locations":[{"start":{"line":15,"column":2},"end":{"line":17,"column":3}},{"start":{},"end":{}}],"line":15},"1":{"loc":{"start":{"line":18,"column":2},"end":{"line":20,"column":3}},"type":"if","locations":[{"start":{"line":18,"column":2},"end":{"line":20,"column":3}},{"start":{},"end":{}}],"line":18},"2":{"loc":{"start":{"line":21,"column":2},"end":{"line":23,"column":3}},"type":"if","locations":[{"start":{"line":21,"column":2},"end":{"line":23,"column":3}},{"start":{},"end":{}}],"line":21},"3":{"loc":{"start":{"line":34,"column":2},"end":{"line":36,"column":3}},"type":"if","locations":[{"start":{"line":34,"column":2},"end":{"line":36,"column":3}},{"start":{},"end":{}}],"line":34},"4":{"loc":{"start":{"line":37,"column":2},"end":{"line":39,"column":3}},"type":"if","locations":[{"start":{"line":37,"column":2},"end":{"line":39,"column":3}},{"start":{},"end":{}}],"line":37},"5":{"loc":{"start":{"line":40,"column":2},"end":{"line":42,"column":3}},"type":"if","locations":[{"start":{"line":40,"column":2},"end":{"line":42,"column":3}},{"start":{},"end":{}}],"line":40},"6":{"loc":{"start":{"line":62,"column":2},"end":{"line":64,"column":3}},"type":"if","locations":[{"start":{"line":62,"column":2},"end":{"line":64,"column":3}},{"start":{},"end":{}}],"line":62},"7":{"loc":{"start":{"line":73,"column":2},"end":{"line":75,"column":3}},"type":"if","locations":[{"start":{"line":73,"column":2},"end":{"line":75,"column":3}},{"start":{},"end":{}}],"line":73}},"s":{"0":0,"1":0,"2":0,"3":0,"4":0,"5":0,"6":0,"7":0,"8":0,"9":0,"10":0,"11":0,"12":0,"13":0,"14":0,"15":0,"16":0,"17":0,"18":0,"19":0,"20":0,"21":0,"22":0,"23":0,"24":0,"25":0},"f":{"0":0,"1":0,"2":0,"3":0,"4":0,"5":0},"b":{"0":[0,0],"1":[0,0],"2":[0,0],"3":[0,0],"4":[0,0],"5":[0,0],"6":[0,0],"7":[0,0]},"all":true},"/Volumes/strage/opus_localdev/opus_comp/src/utils/tagConverter.ts":{"path":"/Volumes/strage/opus_localdev/opus_comp/src/utils/tagConverter.ts","statementMap":{"0":{"start":{"line":5,"column":2},"end":{"line":7,"column":3}},"1":{"start":{"line":6,"column":4},"end":{"line":6,"column":31}},"2":{"start":{"line":9,"column":2},"end":{"line":12,"column":3}},"3":{"start":{"line":17,"column":2},"end":{"line":22,"column":3}},"4":{"start":{"line":27,"column":2},"end":{"line":27,"column":22}},"5":{"start":{"line":27,"column":13},"end":{"line":27,"column":22}},"6":{"start":{"line":29,"column":2},"end":{"line":37,"column":4}},"7":{"start":{"line":30,"column":4},"end":{"line":35,"column":5}},"8":{"start":{"line":31,"column":6},"end":{"line":34,"column":7}},"9":{"start":{"line":36,"column":4},"end":{"line":36,"column":29}}},"fnMap":{"0":{"name":"tagToFormData","decl":{"start":{"line":4,"column":16},"end":{"line":4,"column":29}},"loc":{"start":{"line":4,"column":95},"end":{"line":13,"column":1}},"line":4},"1":{"name":"formDataToTag","decl":{"start":{"line":16,"column":16},"end":{"line":16,"column":29}},"loc":{"start":{"line":16,"column":61},"end":{"line":23,"column":1}},"line":16},"2":{"name":"convertTagsToFormData","decl":{"start":{"line":26,"column":16},"end":{"line":26,"column":37}},"loc":{"start":{"line":26,"column":136},"end":{"line":38,"column":1}},"line":26},"3":{"name":"(anonymous_3)","decl":{"start":{"line":29,"column":18},"end":{"line":29,"column":19}},"loc":{"start":{"line":29,"column":25},"end":{"line":37,"column":3}},"line":29}},"branchMap":{"0":{"loc":{"start":{"line":5,"column":2},"end":{"line":7,"column":3}},"type":"if","locations":[{"start":{"line":5,"column":2},"end":{"line":7,"column":3}},{"start":{},"end":{}}],"line":5},"1":{"loc":{"start":{"line":5,"column":6},"end":{"line":5,"column":35}},"type":"binary-expr","locations":[{"start":{"line":5,"column":6},"end":{"line":5,"column":15}},{"start":{"line":5,"column":19},"end":{"line":5,"column":35}}],"line":5},"2":{"loc":{"start":{"line":10,"column":8},"end":{"line":10,"column":20}},"type":"binary-expr","locations":[{"start":{"line":10,"column":8},"end":{"line":10,"column":14}},{"start":{"line":10,"column":18},"end":{"line":10,"column":20}}],"line":10},"3":{"loc":{"start":{"line":18,"column":8},"end":{"line":18,"column":28}},"type":"binary-expr","locations":[{"start":{"line":18,"column":8},"end":{"line":18,"column":22}},{"start":{"line":18,"column":26},"end":{"line":18,"column":28}}],"line":18},"4":{"loc":{"start":{"line":27,"column":2},"end":{"line":27,"column":22}},"type":"if","locations":[{"start":{"line":27,"column":2},"end":{"line":27,"column":22}},{"start":{},"end":{}}],"line":27},"5":{"loc":{"start":{"line":30,"column":4},"end":{"line":35,"column":5}},"type":"if","locations":[{"start":{"line":30,"column":4},"end":{"line":35,"column":5}},{"start":{},"end":{}}],"line":30}},"s":{"0":0,"1":0,"2":0,"3":0,"4":0,"5":0,"6":0,"7":0,"8":0,"9":0},"f":{"0":0,"1":0,"2":0,"3":0},"b":{"0":[0,0],"1":[0,0],"2":[0,0],"3":[0,0],"4":[0,0],"5":[0,0]},"all":true},"/Volumes/strage/opus_localdev/opus_comp/src/utils/tax.ts":{"path":"/Volumes/strage/opus_localdev/opus_comp/src/utils/tax.ts","statementMap":{},"fnMap":{},"branchMap":{},"s":{},"f":{},"b":{},"all":true},"/Volumes/strage/opus_localdev/opus_comp/src/utils/testHelpers.ts":{"path":"/Volumes/strage/opus_localdev/opus_comp/src/utils/testHelpers.ts","statementMap":{"0":{"start":{"line":9,"column":32},"end":{"line":15,"column":1}},"1":{"start":{"line":10,"column":20},"end":{"line":12,"column":17}},"2":{"start":{"line":13,"column":17},"end":{"line":13,"column":47}},"3":{"start":{"line":14,"column":2},"end":{"line":14,"column":80}},"4":{"start":{"line":22,"column":33},"end":{"line":25,"column":1}},"5":{"start":{"line":23,"column":19},"end":{"line":23,"column":43}},"6":{"start":{"line":24,"column":2},"end":{"line":24,"column":33}},"7":{"start":{"line":32,"column":37},"end":{"line":35,"column":1}},"8":{"start":{"line":33,"column":19},"end":{"line":33,"column":37}},"9":{"start":{"line":34,"column":2},"end":{"line":34,"column":33}},"10":{"start":{"line":44,"column":25},"end":{"line":66,"column":1}},"11":{"start":{"line":51,"column":2},"end":{"line":62,"column":3}},"12":{"start":{"line":51,"column":21},"end":{"line":51,"column":22}},"13":{"start":{"line":52,"column":4},"end":{"line":61,"column":5}},"14":{"start":{"line":53,"column":6},"end":{"line":53,"column":31}},"15":{"start":{"line":55,"column":6},"end":{"line":55,"column":24}},"16":{"start":{"line":56,"column":6},"end":{"line":56,"column":40}},"17":{"start":{"line":56,"column":34},"end":{"line":56,"column":40}},"18":{"start":{"line":58,"column":27},"end":{"line":58,"column":81}},"19":{"start":{"line":59,"column":6},"end":{"line":59,"column":74}},"20":{"start":{"line":60,"column":6},"end":{"line":60,"column":75}},"21":{"start":{"line":60,"column":35},"end":{"line":60,"column":73}},"22":{"start":{"line":64,"column":28},"end":{"line":64,"column":94}},"23":{"start":{"line":65,"column":2},"end":{"line":65,"column":74}},"24":{"start":{"line":74,"column":40},"end":{"line":98,"column":1}},"25":{"start":{"line":89,"column":6},"end":{"line":89,"column":13}},"26":{"start":{"line":91,"column":2},"end":{"line":97,"column":4}},"27":{"start":{"line":93,"column":6},"end":{"line":93,"column":63}},"28":{"start":{"line":107,"column":40},"end":{"line":135,"column":1}},"29":{"start":{"line":121,"column":6},"end":{"line":121,"column":13}},"30":{"start":{"line":123,"column":2},"end":{"line":134,"column":4}},"31":{"start":{"line":125,"column":6},"end":{"line":130,"column":8}},"32":{"start":{"line":127,"column":10},"end":{"line":128,"column":46}},"33":{"start":{"line":142,"column":37},"end":{"line":197,"column":1}},"34":{"start":{"line":154,"column":6},"end":{"line":154,"column":13}},"35":{"start":{"line":156,"column":2},"end":{"line":196,"column":4}},"36":{"start":{"line":159,"column":22},"end":{"line":159,"column":52}},"37":{"start":{"line":160,"column":28},"end":{"line":162,"column":7}},"38":{"start":{"line":161,"column":8},"end":{"line":161,"column":50}},"39":{"start":{"line":164,"column":6},"end":{"line":174,"column":7}},"40":{"start":{"line":165,"column":8},"end":{"line":172,"column":11}},"41":{"start":{"line":166,"column":40},"end":{"line":170,"column":11}},"42":{"start":{"line":173,"column":8},"end":{"line":173,"column":45}},"43":{"start":{"line":177,"column":25},"end":{"line":177,"column":35}},"44":{"start":{"line":178,"column":6},"end":{"line":180,"column":7}},"45":{"start":{"line":179,"column":8},"end":{"line":179,"column":51}},"46":{"start":{"line":182,"column":6},"end":{"line":192,"column":9}},"47":{"start":{"line":204,"column":32},"end":{"line":240,"column":1}},"48":{"start":{"line":208,"column":20},"end":{"line":208,"column":66}},"49":{"start":{"line":209,"column":23},"end":{"line":209,"column":77}},"50":{"start":{"line":212,"column":2},"end":{"line":215,"column":5}},"51":{"start":{"line":218,"column":18},"end":{"line":218,"column":48}},"52":{"start":{"line":219,"column":2},"end":{"line":228,"column":5}},"53":{"start":{"line":222,"column":31},"end":{"line":226,"column":5}},"54":{"start":{"line":231,"column":22},"end":{"line":234,"column":4}},"55":{"start":{"line":233,"column":4},"end":{"line":233,"column":35}},"56":{"start":{"line":236,"column":2},"end":{"line":239,"column":5}}},"fnMap":{"0":{"name":"(anonymous_0)","decl":{"start":{"line":9,"column":32},"end":{"line":9,"column":33}},"loc":{"start":{"line":9,"column":61},"end":{"line":15,"column":1}},"line":9},"1":{"name":"(anonymous_1)","decl":{"start":{"line":22,"column":33},"end":{"line":22,"column":34}},"loc":{"start":{"line":22,"column":77},"end":{"line":25,"column":1}},"line":22},"2":{"name":"(anonymous_2)","decl":{"start":{"line":32,"column":37},"end":{"line":32,"column":38}},"loc":{"start":{"line":32,"column":74},"end":{"line":35,"column":1}},"line":32},"3":{"name":"(anonymous_3)","decl":{"start":{"line":44,"column":25},"end":{"line":44,"column":26}},"loc":{"start":{"line":48,"column":17},"end":{"line":66,"column":1}},"line":48},"4":{"name":"(anonymous_4)","decl":{"start":{"line":60,"column":24},"end":{"line":60,"column":25}},"loc":{"start":{"line":60,"column":35},"end":{"line":60,"column":73}},"line":60},"5":{"name":"(anonymous_5)","decl":{"start":{"line":74,"column":40},"end":{"line":74,"column":41}},"loc":{"start":{"line":83,"column":20},"end":{"line":98,"column":1}},"line":83},"6":{"name":"(anonymous_6)","decl":{"start":{"line":92,"column":4},"end":{"line":92,"column":5}},"loc":{"start":{"line":92,"column":16},"end":{"line":94,"column":5}},"line":92},"7":{"name":"(anonymous_7)","decl":{"start":{"line":107,"column":40},"end":{"line":107,"column":41}},"loc":{"start":{"line":116,"column":20},"end":{"line":135,"column":1}},"line":116},"8":{"name":"(anonymous_8)","decl":{"start":{"line":124,"column":4},"end":{"line":124,"column":5}},"loc":{"start":{"line":124,"column":16},"end":{"line":131,"column":5}},"line":124},"9":{"name":"(anonymous_9)","decl":{"start":{"line":126,"column":8},"end":{"line":126,"column":9}},"loc":{"start":{"line":127,"column":10},"end":{"line":128,"column":46}},"line":127},"10":{"name":"(anonymous_10)","decl":{"start":{"line":142,"column":37},"end":{"line":142,"column":38}},"loc":{"start":{"line":149,"column":20},"end":{"line":197,"column":1}},"line":149},"11":{"name":"(anonymous_11)","decl":{"start":{"line":157,"column":4},"end":{"line":157,"column":5}},"loc":{"start":{"line":157,"column":16},"end":{"line":193,"column":5}},"line":157},"12":{"name":"(anonymous_12)","decl":{"start":{"line":160,"column":41},"end":{"line":160,"column":42}},"loc":{"start":{"line":161,"column":8},"end":{"line":161,"column":50}},"line":161},"13":{"name":"(anonymous_13)","decl":{"start":{"line":166,"column":34},"end":{"line":166,"column":35}},"loc":{"start":{"line":166,"column":40},"end":{"line":170,"column":11}},"line":166},"14":{"name":"(anonymous_14)","decl":{"start":{"line":204,"column":32},"end":{"line":204,"column":33}},"loc":{"start":{"line":207,"column":20},"end":{"line":240,"column":1}},"line":207},"15":{"name":"(anonymous_15)","decl":{"start":{"line":222,"column":25},"end":{"line":222,"column":26}},"loc":{"start":{"line":222,"column":31},"end":{"line":226,"column":5}},"line":222},"16":{"name":"(anonymous_16)","decl":{"start":{"line":231,"column":42},"end":{"line":231,"column":43}},"loc":{"start":{"line":231,"column":48},"end":{"line":234,"column":3}},"line":231}},"branchMap":{"0":{"loc":{"start":{"line":14,"column":9},"end":{"line":14,"column":79}},"type":"cond-expr","locations":[{"start":{"line":14,"column":18},"end":{"line":14,"column":52}},{"start":{"line":14,"column":55},"end":{"line":14,"column":79}}],"line":14},"1":{"loc":{"start":{"line":22,"column":34},"end":{"line":22,"column":64}},"type":"default-arg","locations":[{"start":{"line":22,"column":51},"end":{"line":22,"column":64}}],"line":22},"2":{"loc":{"start":{"line":32,"column":38},"end":{"line":32,"column":61}},"type":"default-arg","locations":[{"start":{"line":32,"column":55},"end":{"line":32,"column":61}}],"line":32},"3":{"loc":{"start":{"line":46,"column":2},"end":{"line":46,"column":24}},"type":"default-arg","locations":[{"start":{"line":46,"column":23},"end":{"line":46,"column":24}}],"line":46},"4":{"loc":{"start":{"line":47,"column":2},"end":{"line":47,"column":24}},"type":"default-arg","locations":[{"start":{"line":47,"column":20},"end":{"line":47,"column":24}}],"line":47},"5":{"loc":{"start":{"line":56,"column":6},"end":{"line":56,"column":40}},"type":"if","locations":[{"start":{"line":56,"column":6},"end":{"line":56,"column":40}},{"start":{},"end":{}}],"line":56},"6":{"loc":{"start":{"line":58,"column":27},"end":{"line":58,"column":81}},"type":"cond-expr","locations":[{"start":{"line":58,"column":52},"end":{"line":58,"column":65}},{"start":{"line":58,"column":68},"end":{"line":58,"column":81}}],"line":58},"7":{"loc":{"start":{"line":64,"column":28},"end":{"line":64,"column":94}},"type":"cond-expr","locations":[{"start":{"line":64,"column":57},"end":{"line":64,"column":74}},{"start":{"line":64,"column":77},"end":{"line":64,"column":94}}],"line":64},"8":{"loc":{"start":{"line":77,"column":2},"end":{"line":82,"column":8}},"type":"default-arg","locations":[{"start":{"line":82,"column":6},"end":{"line":82,"column":8}}],"line":77},"9":{"loc":{"start":{"line":85,"column":4},"end":{"line":85,"column":21}},"type":"default-arg","locations":[{"start":{"line":85,"column":12},"end":{"line":85,"column":21}}],"line":85},"10":{"loc":{"start":{"line":86,"column":4},"end":{"line":86,"column":18}},"type":"default-arg","locations":[{"start":{"line":86,"column":14},"end":{"line":86,"column":18}}],"line":86},"11":{"loc":{"start":{"line":87,"column":4},"end":{"line":87,"column":18}},"type":"default-arg","locations":[{"start":{"line":87,"column":17},"end":{"line":87,"column":18}}],"line":87},"12":{"loc":{"start":{"line":88,"column":4},"end":{"line":88,"column":18}},"type":"default-arg","locations":[{"start":{"line":88,"column":14},"end":{"line":88,"column":18}}],"line":88},"13":{"loc":{"start":{"line":110,"column":2},"end":{"line":110,"column":30}},"type":"default-arg","locations":[{"start":{"line":110,"column":27},"end":{"line":110,"column":30}}],"line":110},"14":{"loc":{"start":{"line":111,"column":2},"end":{"line":115,"column":8}},"type":"default-arg","locations":[{"start":{"line":115,"column":6},"end":{"line":115,"column":8}}],"line":111},"15":{"loc":{"start":{"line":118,"column":4},"end":{"line":118,"column":18}},"type":"default-arg","locations":[{"start":{"line":118,"column":14},"end":{"line":118,"column":18}}],"line":118},"16":{"loc":{"start":{"line":119,"column":4},"end":{"line":119,"column":18}},"type":"default-arg","locations":[{"start":{"line":119,"column":17},"end":{"line":119,"column":18}}],"line":119},"17":{"loc":{"start":{"line":120,"column":4},"end":{"line":120,"column":18}},"type":"default-arg","locations":[{"start":{"line":120,"column":14},"end":{"line":120,"column":18}}],"line":120},"18":{"loc":{"start":{"line":127,"column":10},"end":{"line":128,"column":46}},"type":"binary-expr","locations":[{"start":{"line":127,"column":10},"end":{"line":127,"column":51}},{"start":{"line":128,"column":10},"end":{"line":128,"column":46}}],"line":127},"19":{"loc":{"start":{"line":144,"column":2},"end":{"line":148,"column":8}},"type":"default-arg","locations":[{"start":{"line":148,"column":6},"end":{"line":148,"column":8}}],"line":144},"20":{"loc":{"start":{"line":151,"column":4},"end":{"line":151,"column":19}},"type":"default-arg","locations":[{"start":{"line":151,"column":14},"end":{"line":151,"column":19}}],"line":151},"21":{"loc":{"start":{"line":152,"column":4},"end":{"line":152,"column":18}},"type":"default-arg","locations":[{"start":{"line":152,"column":17},"end":{"line":152,"column":18}}],"line":152},"22":{"loc":{"start":{"line":153,"column":4},"end":{"line":153,"column":18}},"type":"default-arg","locations":[{"start":{"line":153,"column":14},"end":{"line":153,"column":18}}],"line":153},"23":{"loc":{"start":{"line":164,"column":6},"end":{"line":174,"column":7}},"type":"if","locations":[{"start":{"line":164,"column":6},"end":{"line":174,"column":7}},{"start":{},"end":{}}],"line":164},"24":{"loc":{"start":{"line":178,"column":6},"end":{"line":180,"column":7}},"type":"if","locations":[{"start":{"line":178,"column":6},"end":{"line":180,"column":7}},{"start":{},"end":{}}],"line":178},"25":{"loc":{"start":{"line":209,"column":23},"end":{"line":209,"column":77}},"type":"cond-expr","locations":[{"start":{"line":209,"column":48},"end":{"line":209,"column":61}},{"start":{"line":209,"column":64},"end":{"line":209,"column":77}}],"line":209},"26":{"loc":{"start":{"line":233,"column":11},"end":{"line":233,"column":34}},"type":"binary-expr","locations":[{"start":{"line":233,"column":11},"end":{"line":233,"column":28}},{"start":{"line":233,"column":32},"end":{"line":233,"column":34}}],"line":233}},"s":{"0":0,"1":0,"2":0,"3":0,"4":0,"5":0,"6":0,"7":0,"8":0,"9":0,"10":0,"11":0,"12":0,"13":0,"14":0,"15":0,"16":0,"17":0,"18":0,"19":0,"20":0,"21":0,"22":0,"23":0,"24":0,"25":0,"26":0,"27":0,"28":0,"29":0,"30":0,"31":0,"32":0,"33":0,"34":0,"35":0,"36":0,"37":0,"38":0,"39":0,"40":0,"41":0,"42":0,"43":0,"44":0,"45":0,"46":0,"47":0,"48":0,"49":0,"50":0,"51":0,"52":0,"53":0,"54":0,"55":0,"56":0},"f":{"0":0,"1":0,"2":0,"3":0,"4":0,"5":0,"6":0,"7":0,"8":0,"9":0,"10":0,"11":0,"12":0,"13":0,"14":0,"15":0,"16":0},"b":{"0":[0,0],"1":[0],"2":[0],"3":[0],"4":[0],"5":[0,0],"6":[0,0],"7":[0,0],"8":[0],"9":[0],"10":[0],"11":[0],"12":[0],"13":[0],"14":[0],"15":[0],"16":[0],"17":[0],"18":[0,0],"19":[0],"20":[0],"21":[0],"22":[0],"23":[0,0],"24":[0,0],"25":[0,0],"26":[0,0]},"all":true}}